{"meta": {"format": 3, "version": "7.11.0", "timestamp": "2025-11-01T21:19:45.153447", "branch_coverage": false, "show_contexts": false}, "files": {"alpha_vantage_service.py": {"executed_lines": [], "summary": {"covered_lines": 0, "num_statements": 133, "percent_covered": 0.0, "percent_covered_display": "0", "missing_lines": 133, "excluded_lines": 0}, "missing_lines": [4, 5, 6, 7, 8, 9, 10, 13, 14, 16, 17, 18, 19, 20, 21, 22, 23, 24, 27, 30, 38, 39, 40, 41, 42, 43, 45, 53, 56, 57, 58, 61, 62, 63, 66, 68, 69, 70, 71, 73, 75, 76, 79, 80, 83, 86, 88, 96, 97, 98, 101, 107, 120, 123, 124, 125, 126, 129, 132, 138, 139, 140, 143, 144, 146, 148, 159, 160, 166, 168, 188, 191, 192, 193, 194, 197, 200, 207, 208, 209, 212, 213, 215, 216, 219, 220, 221, 222, 225, 226, 232, 234, 257, 260, 261, 262, 263, 266, 269, 277, 278, 279, 282, 283, 285, 286, 289, 290, 291, 292, 295, 296, 302, 304, 319, 322, 329, 330, 331, 334, 335, 337, 339, 350, 352, 364, 366, 367, 379, 381, 386, 388, 389], "excluded_lines": [], "functions": {"AlphaVantageRateLimiter.__init__": {"executed_lines": [], "summary": {"covered_lines": 0, "num_statements": 6, "percent_covered": 0.0, "percent_covered_display": "0", "missing_lines": 6, "excluded_lines": 0}, "missing_lines": [38, 39, 40, 41, 42, 43], "excluded_lines": []}, "AlphaVantageRateLimiter.acquire": {"executed_lines": [], "summary": {"covered_lines": 0, "num_statements": 17, "percent_covered": 0.0, "percent_covered_display": "0", "missing_lines": 17, "excluded_lines": 0}, "missing_lines": [53, 56, 57, 58, 61, 62, 63, 66, 68, 69, 70, 71, 73, 75, 76, 79, 80], "excluded_lines": []}, "AlphaVantageService.__init__": {"executed_lines": [], "summary": {"covered_lines": 0, "num_statements": 4, "percent_covered": 0.0, "percent_covered_display": "0", "missing_lines": 4, "excluded_lines": 0}, "missing_lines": [96, 97, 98, 101], "excluded_lines": []}, "AlphaVantageService.get_quote": {"executed_lines": [], "summary": {"covered_lines": 0, "num_statements": 17, "percent_covered": 0.0, "percent_covered_display": "0", "missing_lines": 17, "excluded_lines": 0}, "missing_lines": [120, 123, 124, 125, 126, 129, 132, 138, 139, 140, 143, 144, 146, 148, 159, 160, 166], "excluded_lines": []}, "AlphaVantageService.get_historical_daily": {"executed_lines": [], "summary": {"covered_lines": 0, "num_statements": 21, "percent_covered": 0.0, "percent_covered_display": "0", "missing_lines": 21, "excluded_lines": 0}, "missing_lines": [188, 191, 192, 193, 194, 197, 200, 207, 208, 209, 212, 213, 215, 216, 219, 220, 221, 222, 225, 226, 232], "excluded_lines": []}, "AlphaVantageService.get_fx_historical_daily": {"executed_lines": [], "summary": {"covered_lines": 0, "num_statements": 21, "percent_covered": 0.0, "percent_covered_display": "0", "missing_lines": 21, "excluded_lines": 0}, "missing_lines": [257, 260, 261, 262, 263, 266, 269, 277, 278, 279, 282, 283, 285, 286, 289, 290, 291, 292, 295, 296, 302], "excluded_lines": []}, "AlphaVantageService.get_crypto_quote": {"executed_lines": [], "summary": {"covered_lines": 0, "num_statements": 9, "percent_covered": 0.0, "percent_covered_display": "0", "missing_lines": 9, "excluded_lines": 0}, "missing_lines": [319, 322, 329, 330, 331, 334, 335, 337, 339], "excluded_lines": []}, "AlphaVantageService._serialize_price_data": {"executed_lines": [], "summary": {"covered_lines": 0, "num_statements": 1, "percent_covered": 0.0, "percent_covered_display": "0", "missing_lines": 1, "excluded_lines": 0}, "missing_lines": [352], "excluded_lines": []}, "AlphaVantageService._deserialize_price_data": {"executed_lines": [], "summary": {"covered_lines": 0, "num_statements": 2, "percent_covered": 0.0, "percent_covered_display": "0", "missing_lines": 2, "excluded_lines": 0}, "missing_lines": [366, 367], "excluded_lines": []}, "AlphaVantageService._serialize_historical_data": {"executed_lines": [], "summary": {"covered_lines": 0, "num_statements": 1, "percent_covered": 0.0, "percent_covered_display": "0", "missing_lines": 1, "excluded_lines": 0}, "missing_lines": [381], "excluded_lines": []}, "AlphaVantageService._deserialize_historical_data": {"executed_lines": [], "summary": {"covered_lines": 0, "num_statements": 2, "percent_covered": 0.0, "percent_covered_display": "0", "missing_lines": 2, "excluded_lines": 0}, "missing_lines": [388, 389], "excluded_lines": []}, "": {"executed_lines": [], "summary": {"covered_lines": 0, "num_statements": 32, "percent_covered": 0.0, "percent_covered_display": "0", "missing_lines": 32, "excluded_lines": 0}, "missing_lines": [4, 5, 6, 7, 8, 9, 10, 13, 14, 16, 17, 18, 19, 20, 21, 22, 23, 24, 27, 30, 45, 83, 86, 88, 107, 168, 234, 304, 350, 364, 379, 386], "excluded_lines": []}}, "classes": {"AlphaVantagePriceData": {"executed_lines": [], "summary": {"covered_lines": 0, "num_statements": 0, "percent_covered": 100.0, "percent_covered_display": "100", "missing_lines": 0, "excluded_lines": 0}, "missing_lines": [], "excluded_lines": []}, "AlphaVantageRateLimiter": {"executed_lines": [], "summary": {"covered_lines": 0, "num_statements": 23, "percent_covered": 0.0, "percent_covered_display": "0", "missing_lines": 23, "excluded_lines": 0}, "missing_lines": [38, 39, 40, 41, 42, 43, 53, 56, 57, 58, 61, 62, 63, 66, 68, 69, 70, 71, 73, 75, 76, 79, 80], "excluded_lines": []}, "AlphaVantageService": {"executed_lines": [], "summary": {"covered_lines": 0, "num_statements": 78, "percent_covered": 0.0, "percent_covered_display": "0", "missing_lines": 78, "excluded_lines": 0}, "missing_lines": [96, 97, 98, 101, 120, 123, 124, 125, 126, 129, 132, 138, 139, 140, 143, 144, 146, 148, 159, 160, 166, 188, 191, 192, 193, 194, 197, 200, 207, 208, 209, 212, 213, 215, 216, 219, 220, 221, 222, 225, 226, 232, 257, 260, 261, 262, 263, 266, 269, 277, 278, 279, 282, 283, 285, 286, 289, 290, 291, 292, 295, 296, 302, 319, 322, 329, 330, 331, 334, 335, 337, 339, 352, 366, 367, 381, 388, 389], "excluded_lines": []}, "": {"executed_lines": [], "summary": {"covered_lines": 0, "num_statements": 32, "percent_covered": 0.0, "percent_covered_display": "0", "missing_lines": 32, "excluded_lines": 0}, "missing_lines": [4, 5, 6, 7, 8, 9, 10, 13, 14, 16, 17, 18, 19, 20, 21, 22, 23, 24, 27, 30, 45, 83, 86, 88, 107, 168, 234, 304, 350, 364, 379, 386], "excluded_lines": []}}}, "analysis_router.py": {"executed_lines": [4, 13, 14, 15, 16, 18, 19, 20, 21, 22, 23, 24, 25, 26, 27, 38, 41, 111, 112, 158, 159, 192, 193, 230, 231, 290, 291], "summary": {"covered_lines": 26, "num_statements": 91, "percent_covered": 28.571428571428573, "percent_covered_display": "29", "missing_lines": 65, "excluded_lines": 0}, "missing_lines": [51, 54, 55, 56, 57, 58, 62, 63, 64, 65, 69, 71, 72, 73, 74, 75, 78, 79, 80, 81, 86, 87, 88, 89, 92, 102, 141, 142, 143, 144, 146, 150, 152, 176, 177, 178, 179, 181, 185, 186, 214, 215, 216, 217, 219, 223, 224, 258, 260, 266, 271, 273, 277, 279, 283, 284, 317, 319, 325, 330, 332, 336, 338, 342, 343], "excluded_lines": [], "functions": {"get_analysis_service": {"executed_lines": [], "summary": {"covered_lines": 0, "num_statements": 26, "percent_covered": 0.0, "percent_covered_display": "0", "missing_lines": 26, "excluded_lines": 0}, "missing_lines": [51, 54, 55, 56, 57, 58, 62, 63, 64, 65, 69, 71, 72, 73, 74, 75, 78, 79, 80, 81, 86, 87, 88, 89, 92, 102], "excluded_lines": []}, "get_global_analysis": {"executed_lines": [], "summary": {"covered_lines": 0, "num_statements": 7, "percent_covered": 0.0, "percent_covered_display": "0", "missing_lines": 7, "excluded_lines": 0}, "missing_lines": [141, 142, 143, 144, 146, 150, 152], "excluded_lines": []}, "get_position_analysis": {"executed_lines": [], "summary": {"covered_lines": 0, "num_statements": 7, "percent_covered": 0.0, "percent_covered_display": "0", "missing_lines": 7, "excluded_lines": 0}, "missing_lines": [176, 177, 178, 179, 181, 185, 186], "excluded_lines": []}, "get_forecast": {"executed_lines": [], "summary": {"covered_lines": 0, "num_statements": 7, "percent_covered": 0.0, "percent_covered_display": "0", "missing_lines": 7, "excluded_lines": 0}, "missing_lines": [214, 215, 216, 217, 219, 223, 224], "excluded_lines": []}, "get_bulk_position_analysis": {"executed_lines": [], "summary": {"covered_lines": 0, "num_statements": 9, "percent_covered": 0.0, "percent_covered_display": "0", "missing_lines": 9, "excluded_lines": 0}, "missing_lines": [258, 260, 266, 271, 273, 277, 279, 283, 284], "excluded_lines": []}, "get_bulk_forecasts": {"executed_lines": [], "summary": {"covered_lines": 0, "num_statements": 9, "percent_covered": 0.0, "percent_covered_display": "0", "missing_lines": 9, "excluded_lines": 0}, "missing_lines": [317, 319, 325, 330, 332, 336, 338, 342, 343], "excluded_lines": []}, "": {"executed_lines": [4, 13, 14, 15, 16, 18, 19, 20, 21, 22, 23, 24, 25, 26, 27, 38, 41, 111, 112, 158, 159, 192, 193, 230, 231, 290, 291], "summary": {"covered_lines": 26, "num_statements": 26, "percent_covered": 100.0, "percent_covered_display": "100", "missing_lines": 0, "excluded_lines": 0}, "missing_lines": [], "excluded_lines": []}}, "classes": {"": {"executed_lines": [4, 13, 14, 15, 16, 18, 19, 20, 21, 22, 23, 24, 25, 26, 27, 38, 41, 111, 112, 158, 159, 192, 193, 230, 231, 290, 291], "summary": {"covered_lines": 26, "num_statements": 91, "percent_covered": 28.571428571428573, "percent_covered_display": "29", "missing_lines": 65, "excluded_lines": 0}, "missing_lines": [51, 54, 55, 56, 57, 58, 62, 63, 64, 65, 69, 71, 72, 73, 74, 75, 78, 79, 80, 81, 86, 87, 88, 89, 92, 102, 141, 142, 143, 144, 146, 150, 152, 176, 177, 178, 179, 181, 185, 186, 214, 215, 216, 217, 219, 223, 224, 258, 260, 266, 271, 273, 277, 279, 283, 284, 317, 319, 325, 330, 332, 336, 338, 342, 343], "excluded_lines": []}}}, "analysis_schemas.py": {"executed_lines": [4, 13, 14, 15, 16, 19, 20, 21, 22, 23, 24, 27, 28, 29, 30, 31, 32, 33, 34, 35, 36, 37, 38, 39, 40, 43, 44, 45, 46, 47, 48, 49, 50, 53, 54, 55, 56, 57, 58, 61, 62, 63, 64, 68, 72, 73, 74, 76, 77, 99, 100, 101, 102, 103, 104, 105, 106, 107, 108, 109, 110, 111, 112, 113, 114, 115, 118, 119, 120, 121, 125, 129, 130, 131, 133, 134, 152, 153, 154, 156, 157, 164, 165, 166, 170, 172, 173, 196, 197, 198, 199, 200, 201, 204, 205, 206, 207, 208, 211, 212, 213, 214, 215, 216, 217, 218, 220, 221, 241, 242, 243, 248, 249, 256, 257, 258, 262, 264, 265], "summary": {"covered_lines": 104, "num_statements": 104, "percent_covered": 100.0, "percent_covered_display": "100", "missing_lines": 0, "excluded_lines": 0}, "missing_lines": [], "excluded_lines": [], "functions": {"": {"executed_lines": [4, 13, 14, 15, 16, 19, 20, 21, 22, 23, 24, 27, 28, 29, 30, 31, 32, 33, 34, 35, 36, 37, 38, 39, 40, 43, 44, 45, 46, 47, 48, 49, 50, 53, 54, 55, 56, 57, 58, 61, 62, 63, 64, 68, 72, 73, 74, 76, 77, 99, 100, 101, 102, 103, 104, 105, 106, 107, 108, 109, 110, 111, 112, 113, 114, 115, 118, 119, 120, 121, 125, 129, 130, 131, 133, 134, 152, 153, 154, 156, 157, 164, 165, 166, 170, 172, 173, 196, 197, 198, 199, 200, 201, 204, 205, 206, 207, 208, 211, 212, 213, 214, 215, 216, 217, 218, 220, 221, 241, 242, 243, 248, 249, 256, 257, 258, 262, 264, 265], "summary": {"covered_lines": 104, "num_statements": 104, "percent_covered": 100.0, "percent_covered_display": "100", "missing_lines": 0, "excluded_lines": 0}, "missing_lines": [], "excluded_lines": []}}, "classes": {"Recommendation": {"executed_lines": [], "summary": {"covered_lines": 0, "num_statements": 0, "percent_covered": 100.0, "percent_covered_display": "100", "missing_lines": 0, "excluded_lines": 0}, "missing_lines": [], "excluded_lines": []}, "GlobalCryptoMarketData": {"executed_lines": [], "summary": {"covered_lines": 0, "num_statements": 0, "percent_covered": 100.0, "percent_covered_display": "100", "missing_lines": 0, "excluded_lines": 0}, "missing_lines": [], "excluded_lines": []}, "MarketIndicator": {"executed_lines": [], "summary": {"covered_lines": 0, "num_statements": 0, "percent_covered": 100.0, "percent_covered_display": "100", "missing_lines": 0, "excluded_lines": 0}, "missing_lines": [], "excluded_lines": []}, "GlobalMarketIndicators": {"executed_lines": [], "summary": {"covered_lines": 0, "num_statements": 0, "percent_covered": 100.0, "percent_covered_display": "100", "missing_lines": 0, "excluded_lines": 0}, "missing_lines": [], "excluded_lines": []}, "GlobalAnalysisResponse": {"executed_lines": [], "summary": {"covered_lines": 0, "num_statements": 0, "percent_covered": 100.0, "percent_covered_display": "100", "missing_lines": 0, "excluded_lines": 0}, "missing_lines": [], "excluded_lines": []}, "GlobalAnalysisResponse.Config": {"executed_lines": [], "summary": {"covered_lines": 0, "num_statements": 0, "percent_covered": 100.0, "percent_covered_display": "100", "missing_lines": 0, "excluded_lines": 0}, "missing_lines": [], "excluded_lines": []}, "CryptoFundamentals": {"executed_lines": [], "summary": {"covered_lines": 0, "num_statements": 0, "percent_covered": 100.0, "percent_covered_display": "100", "missing_lines": 0, "excluded_lines": 0}, "missing_lines": [], "excluded_lines": []}, "PositionAnalysisResponse": {"executed_lines": [], "summary": {"covered_lines": 0, "num_statements": 0, "percent_covered": 100.0, "percent_covered_display": "100", "missing_lines": 0, "excluded_lines": 0}, "missing_lines": [], "excluded_lines": []}, "PositionAnalysisResponse.Config": {"executed_lines": [], "summary": {"covered_lines": 0, "num_statements": 0, "percent_covered": 100.0, "percent_covered_display": "100", "missing_lines": 0, "excluded_lines": 0}, "missing_lines": [], "excluded_lines": []}, "BulkAnalysisRequest": {"executed_lines": [], "summary": {"covered_lines": 0, "num_statements": 0, "percent_covered": 100.0, "percent_covered_display": "100", "missing_lines": 0, "excluded_lines": 0}, "missing_lines": [], "excluded_lines": []}, "BulkAnalysisRequest.Config": {"executed_lines": [], "summary": {"covered_lines": 0, "num_statements": 0, "percent_covered": 100.0, "percent_covered_display": "100", "missing_lines": 0, "excluded_lines": 0}, "missing_lines": [], "excluded_lines": []}, "BulkAnalysisResponse": {"executed_lines": [], "summary": {"covered_lines": 0, "num_statements": 0, "percent_covered": 100.0, "percent_covered_display": "100", "missing_lines": 0, "excluded_lines": 0}, "missing_lines": [], "excluded_lines": []}, "BulkAnalysisResponse.Config": {"executed_lines": [], "summary": {"covered_lines": 0, "num_statements": 0, "percent_covered": 100.0, "percent_covered_display": "100", "missing_lines": 0, "excluded_lines": 0}, "missing_lines": [], "excluded_lines": []}, "QuarterScenario": {"executed_lines": [], "summary": {"covered_lines": 0, "num_statements": 0, "percent_covered": 100.0, "percent_covered_display": "100", "missing_lines": 0, "excluded_lines": 0}, "missing_lines": [], "excluded_lines": []}, "QuarterForecast": {"executed_lines": [], "summary": {"covered_lines": 0, "num_statements": 0, "percent_covered": 100.0, "percent_covered_display": "100", "missing_lines": 0, "excluded_lines": 0}, "missing_lines": [], "excluded_lines": []}, "ForecastResponse": {"executed_lines": [], "summary": {"covered_lines": 0, "num_statements": 0, "percent_covered": 100.0, "percent_covered_display": "100", "missing_lines": 0, "excluded_lines": 0}, "missing_lines": [], "excluded_lines": []}, "ForecastResponse.Config": {"executed_lines": [], "summary": {"covered_lines": 0, "num_statements": 0, "percent_covered": 100.0, "percent_covered_display": "100", "missing_lines": 0, "excluded_lines": 0}, "missing_lines": [], "excluded_lines": []}, "BulkForecastRequest": {"executed_lines": [], "summary": {"covered_lines": 0, "num_statements": 0, "percent_covered": 100.0, "percent_covered_display": "100", "missing_lines": 0, "excluded_lines": 0}, "missing_lines": [], "excluded_lines": []}, "BulkForecastRequest.Config": {"executed_lines": [], "summary": {"covered_lines": 0, "num_statements": 0, "percent_covered": 100.0, "percent_covered_display": "100", "missing_lines": 0, "excluded_lines": 0}, "missing_lines": [], "excluded_lines": []}, "BulkForecastResponse": {"executed_lines": [], "summary": {"covered_lines": 0, "num_statements": 0, "percent_covered": 100.0, "percent_covered_display": "100", "missing_lines": 0, "excluded_lines": 0}, "missing_lines": [], "excluded_lines": []}, "BulkForecastResponse.Config": {"executed_lines": [], "summary": {"covered_lines": 0, "num_statements": 0, "percent_covered": 100.0, "percent_covered_display": "100", "missing_lines": 0, "excluded_lines": 0}, "missing_lines": [], "excluded_lines": []}, "": {"executed_lines": [4, 13, 14, 15, 16, 19, 20, 21, 22, 23, 24, 27, 28, 29, 30, 31, 32, 33, 34, 35, 36, 37, 38, 39, 40, 43, 44, 45, 46, 47, 48, 49, 50, 53, 54, 55, 56, 57, 58, 61, 62, 63, 64, 68, 72, 73, 74, 76, 77, 99, 100, 101, 102, 103, 104, 105, 106, 107, 108, 109, 110, 111, 112, 113, 114, 115, 118, 119, 120, 121, 125, 129, 130, 131, 133, 134, 152, 153, 154, 156, 157, 164, 165, 166, 170, 172, 173, 196, 197, 198, 199, 200, 201, 204, 205, 206, 207, 208, 211, 212, 213, 214, 215, 216, 217, 218, 220, 221, 241, 242, 243, 248, 249, 256, 257, 258, 262, 264, 265], "summary": {"covered_lines": 104, "num_statements": 104, "percent_covered": 100.0, "percent_covered_display": "100", "missing_lines": 0, "excluded_lines": 0}, "missing_lines": [], "excluded_lines": []}}}, "analysis_service.py": {"executed_lines": [4, 5, 6, 7, 8, 9, 11, 12, 16, 17, 18, 19, 20, 23, 26, 27, 41, 59, 60, 61, 62, 63, 65, 67, 144, 249, 343, 369, 370, 389, 392, 393, 394, 396, 397, 398, 399, 401, 404, 405, 409, 410, 411, 412, 415, 416, 417, 418, 420, 421, 422, 428, 429, 432, 439, 448, 449, 456, 459, 460, 466, 477, 478, 480, 488, 490, 492, 494, 504, 505, 507, 508, 509, 510, 511, 513, 541, 555, 556, 557, 558, 561, 562, 563, 564, 569, 570, 576, 578], "summary": {"covered_lines": 88, "num_statements": 199, "percent_covered": 44.221105527638194, "percent_covered_display": "44", "missing_lines": 111, "excluded_lines": 0}, "missing_lines": [13, 14, 15, 85, 88, 89, 90, 91, 92, 94, 97, 98, 99, 102, 105, 106, 113, 116, 127, 128, 131, 138, 140, 142, 165, 167, 168, 169, 170, 171, 173, 176, 177, 178, 181, 184, 185, 191, 194, 197, 208, 209, 212, 213, 214, 232, 239, 241, 247, 271, 273, 274, 275, 276, 277, 279, 282, 283, 284, 287, 290, 291, 298, 304, 305, 306, 308, 311, 314, 325, 326, 328, 335, 337, 341, 406, 423, 424, 425, 461, 462, 463, 525, 526, 527, 528, 529, 533, 535, 536, 537, 539, 565, 566, 571, 572, 573, 574, 588, 589, 590, 592, 593, 594, 595, 596, 598, 599, 600, 601, 602], "excluded_lines": [], "functions": {"AnalysisService.__init__": {"executed_lines": [59, 60, 61, 62, 63, 65], "summary": {"covered_lines": 6, "num_statements": 6, "percent_covered": 100.0, "percent_covered_display": "100", "missing_lines": 0, "excluded_lines": 0}, "missing_lines": [], "excluded_lines": []}, "AnalysisService.generate_global_analysis": {"executed_lines": [], "summary": {"covered_lines": 0, "num_statements": 21, "percent_covered": 0.0, "percent_covered_display": "0", "missing_lines": 21, "excluded_lines": 0}, "missing_lines": [85, 88, 89, 90, 91, 92, 94, 97, 98, 99, 102, 105, 106, 113, 116, 127, 128, 131, 138, 140, 142], "excluded_lines": []}, "AnalysisService.generate_position_analysis": {"executed_lines": [], "summary": {"covered_lines": 0, "num_statements": 25, "percent_covered": 0.0, "percent_covered_display": "0", "missing_lines": 25, "excluded_lines": 0}, "missing_lines": [165, 167, 168, 169, 170, 171, 173, 176, 177, 178, 181, 184, 185, 191, 194, 197, 208, 209, 212, 213, 214, 232, 239, 241, 247], "excluded_lines": []}, "AnalysisService.generate_forecast": {"executed_lines": [], "summary": {"covered_lines": 0, "num_statements": 26, "percent_covered": 0.0, "percent_covered_display": "0", "missing_lines": 26, "excluded_lines": 0}, "missing_lines": [271, 273, 274, 275, 276, 277, 279, 282, 283, 284, 287, 290, 291, 298, 304, 305, 306, 308, 311, 314, 325, 326, 328, 335, 337, 341], "excluded_lines": []}, "AnalysisService.generate_rebalancing_recommendations": {"executed_lines": [369, 370, 389, 392, 393, 394, 396, 397, 398, 399, 401, 404, 405, 409, 410, 411, 412, 415, 416, 417, 418, 420, 421, 422, 428, 429, 432, 439, 448, 449, 456, 459, 460, 466, 477, 478, 480, 488, 490, 492], "summary": {"covered_lines": 40, "num_statements": 47, "percent_covered": 85.1063829787234, "percent_covered_display": "85", "missing_lines": 7, "excluded_lines": 0}, "missing_lines": [406, 423, 424, 425, 461, 462, 463], "excluded_lines": []}, "AnalysisService._get_cached_analysis": {"executed_lines": [504, 505, 507, 508, 509, 510, 511], "summary": {"covered_lines": 7, "num_statements": 7, "percent_covered": 100.0, "percent_covered_display": "100", "missing_lines": 0, "excluded_lines": 0}, "missing_lines": [], "excluded_lines": []}, "AnalysisService._extract_recommendation": {"executed_lines": [], "summary": {"covered_lines": 0, "num_statements": 10, "percent_covered": 0.0, "percent_covered_display": "0", "missing_lines": 10, "excluded_lines": 0}, "missing_lines": [525, 526, 527, 528, 529, 533, 535, 536, 537, 539], "excluded_lines": []}, "AnalysisService._extract_json_from_response": {"executed_lines": [555, 556, 557, 558, 561, 562, 563, 564, 569, 570, 576], "summary": {"covered_lines": 11, "num_statements": 17, "percent_covered": 64.70588235294117, "percent_covered_display": "65", "missing_lines": 6, "excluded_lines": 0}, "missing_lines": [565, 566, 571, 572, 573, 574], "excluded_lines": []}, "AnalysisService._validate_forecast": {"executed_lines": [], "summary": {"covered_lines": 0, "num_statements": 13, "percent_covered": 0.0, "percent_covered_display": "0", "missing_lines": 13, "excluded_lines": 0}, "missing_lines": [588, 589, 590, 592, 593, 594, 595, 596, 598, 599, 600, 601, 602], "excluded_lines": []}, "": {"executed_lines": [4, 5, 6, 7, 8, 9, 11, 12, 16, 17, 18, 19, 20, 23, 26, 27, 41, 67, 144, 249, 343, 494, 513, 541, 578], "summary": {"covered_lines": 24, "num_statements": 27, "percent_covered": 88.88888888888889, "percent_covered_display": "89", "missing_lines": 3, "excluded_lines": 0}, "missing_lines": [13, 14, 15], "excluded_lines": []}}, "classes": {"AnalysisService": {"executed_lines": [59, 60, 61, 62, 63, 65, 369, 370, 389, 392, 393, 394, 396, 397, 398, 399, 401, 404, 405, 409, 410, 411, 412, 415, 416, 417, 418, 420, 421, 422, 428, 429, 432, 439, 448, 449, 456, 459, 460, 466, 477, 478, 480, 488, 490, 492, 504, 505, 507, 508, 509, 510, 511, 555, 556, 557, 558, 561, 562, 563, 564, 569, 570, 576], "summary": {"covered_lines": 64, "num_statements": 172, "percent_covered": 37.2093023255814, "percent_covered_display": "37", "missing_lines": 108, "excluded_lines": 0}, "missing_lines": [85, 88, 89, 90, 91, 92, 94, 97, 98, 99, 102, 105, 106, 113, 116, 127, 128, 131, 138, 140, 142, 165, 167, 168, 169, 170, 171, 173, 176, 177, 178, 181, 184, 185, 191, 194, 197, 208, 209, 212, 213, 214, 232, 239, 241, 247, 271, 273, 274, 275, 276, 277, 279, 282, 283, 284, 287, 290, 291, 298, 304, 305, 306, 308, 311, 314, 325, 326, 328, 335, 337, 341, 406, 423, 424, 425, 461, 462, 463, 525, 526, 527, 528, 529, 533, 535, 536, 537, 539, 565, 566, 571, 572, 573, 574, 588, 589, 590, 592, 593, 594, 595, 596, 598, 599, 600, 601, 602], "excluded_lines": []}, "": {"executed_lines": [4, 5, 6, 7, 8, 9, 11, 12, 16, 17, 18, 19, 20, 23, 26, 27, 41, 67, 144, 249, 343, 494, 513, 541, 578], "summary": {"covered_lines": 24, "num_statements": 27, "percent_covered": 88.88888888888889, "percent_covered_display": "89", "missing_lines": 3, "excluded_lines": 0}, "missing_lines": [13, 14, 15], "excluded_lines": []}}}, "cache_service.py": {"executed_lines": [4, 13, 14, 15, 16, 17, 18, 20, 23, 24, 31, 44, 69, 89, 102, 125], "summary": {"covered_lines": 14, "num_statements": 59, "percent_covered": 23.728813559322035, "percent_covered_display": "24", "missing_lines": 45, "excluded_lines": 0}, "missing_lines": [33, 34, 37, 42, 54, 55, 56, 57, 59, 60, 61, 62, 63, 64, 65, 66, 67, 78, 80, 81, 82, 84, 85, 86, 87, 96, 97, 98, 99, 100, 109, 110, 111, 113, 114, 115, 116, 117, 118, 119, 121, 122, 123, 127, 128], "excluded_lines": [], "functions": {"CacheService.__init__": {"executed_lines": [], "summary": {"covered_lines": 0, "num_statements": 4, "percent_covered": 0.0, "percent_covered_display": "0", "missing_lines": 4, "excluded_lines": 0}, "missing_lines": [33, 34, 37, 42], "excluded_lines": []}, "CacheService.get": {"executed_lines": [], "summary": {"covered_lines": 0, "num_statements": 13, "percent_covered": 0.0, "percent_covered_display": "0", "missing_lines": 13, "excluded_lines": 0}, "missing_lines": [54, 55, 56, 57, 59, 60, 61, 62, 63, 64, 65, 66, 67], "excluded_lines": []}, "CacheService.set": {"executed_lines": [], "summary": {"covered_lines": 0, "num_statements": 8, "percent_covered": 0.0, "percent_covered_display": "0", "missing_lines": 8, "excluded_lines": 0}, "missing_lines": [78, 80, 81, 82, 84, 85, 86, 87], "excluded_lines": []}, "CacheService.delete": {"executed_lines": [], "summary": {"covered_lines": 0, "num_statements": 5, "percent_covered": 0.0, "percent_covered_display": "0", "missing_lines": 5, "excluded_lines": 0}, "missing_lines": [96, 97, 98, 99, 100], "excluded_lines": []}, "CacheService.clear_pattern": {"executed_lines": [], "summary": {"covered_lines": 0, "num_statements": 13, "percent_covered": 0.0, "percent_covered_display": "0", "missing_lines": 13, "excluded_lines": 0}, "missing_lines": [109, 110, 111, 113, 114, 115, 116, 117, 118, 119, 121, 122, 123], "excluded_lines": []}, "CacheService.close": {"executed_lines": [], "summary": {"covered_lines": 0, "num_statements": 2, "percent_covered": 0.0, "percent_covered_display": "0", "missing_lines": 2, "excluded_lines": 0}, "missing_lines": [127, 128], "excluded_lines": []}, "": {"executed_lines": [4, 13, 14, 15, 16, 17, 18, 20, 23, 24, 31, 44, 69, 89, 102, 125], "summary": {"covered_lines": 14, "num_statements": 14, "percent_covered": 100.0, "percent_covered_display": "100", "missing_lines": 0, "excluded_lines": 0}, "missing_lines": [], "excluded_lines": []}}, "classes": {"CacheService": {"executed_lines": [], "summary": {"covered_lines": 0, "num_statements": 45, "percent_covered": 0.0, "percent_covered_display": "0", "missing_lines": 45, "excluded_lines": 0}, "missing_lines": [33, 34, 37, 42, 54, 55, 56, 57, 59, 60, 61, 62, 63, 64, 65, 66, 67, 78, 80, 81, 82, 84, 85, 86, 87, 96, 97, 98, 99, 100, 109, 110, 111, 113, 114, 115, 116, 117, 118, 119, 121, 122, 123, 127, 128], "excluded_lines": []}, "": {"executed_lines": [4, 13, 14, 15, 16, 17, 18, 20, 23, 24, 31, 44, 69, 89, 102, 125], "summary": {"covered_lines": 14, "num_statements": 14, "percent_covered": 100.0, "percent_covered_display": "100", "missing_lines": 0, "excluded_lines": 0}, "missing_lines": [], "excluded_lines": []}}}, "claude_service.py": {"executed_lines": [4, 5, 6, 7, 8, 9, 11, 12, 13, 14, 17, 21, 22, 23, 26, 27, 28, 31, 32, 33, 36, 37, 48, 55, 56, 57, 58, 59, 60, 63, 64, 66, 71, 161, 182], "summary": {"covered_lines": 31, "num_statements": 66, "percent_covered": 46.96969696969697, "percent_covered_display": "47", "missing_lines": 35, "excluded_lines": 0}, "missing_lines": [100, 102, 105, 108, 109, 110, 119, 121, 129, 134, 136, 137, 140, 141, 142, 145, 146, 147, 150, 151, 152, 155, 156, 157, 159, 167, 170, 171, 174, 175, 176, 177, 178, 180, 189], "excluded_lines": [], "functions": {"ClaudeService.__init__": {"executed_lines": [55, 56, 57, 58, 59, 60, 63, 64, 66], "summary": {"covered_lines": 9, "num_statements": 9, "percent_covered": 100.0, "percent_covered_display": "100", "missing_lines": 0, "excluded_lines": 0}, "missing_lines": [], "excluded_lines": []}, "ClaudeService.generate_analysis": {"executed_lines": [], "summary": {"covered_lines": 0, "num_statements": 25, "percent_covered": 0.0, "percent_covered_display": "0", "missing_lines": 25, "excluded_lines": 0}, "missing_lines": [100, 102, 105, 108, 109, 110, 119, 121, 129, 134, 136, 137, 140, 141, 142, 145, 146, 147, 150, 151, 152, 155, 156, 157, 159], "excluded_lines": []}, "ClaudeService._check_rate_limit": {"executed_lines": [], "summary": {"covered_lines": 0, "num_statements": 9, "percent_covered": 0.0, "percent_covered_display": "0", "missing_lines": 9, "excluded_lines": 0}, "missing_lines": [167, 170, 171, 174, 175, 176, 177, 178, 180], "excluded_lines": []}, "ClaudeService._default_system_prompt": {"executed_lines": [], "summary": {"covered_lines": 0, "num_statements": 1, "percent_covered": 0.0, "percent_covered_display": "0", "missing_lines": 1, "excluded_lines": 0}, "missing_lines": [189], "excluded_lines": []}, "": {"executed_lines": [4, 5, 6, 7, 8, 9, 11, 12, 13, 14, 17, 21, 22, 23, 26, 27, 28, 31, 32, 33, 36, 37, 48, 71, 161, 182], "summary": {"covered_lines": 22, "num_statements": 22, "percent_covered": 100.0, "percent_covered_display": "100", "missing_lines": 0, "excluded_lines": 0}, "missing_lines": [], "excluded_lines": []}}, "classes": {"ClaudeAPIError": {"executed_lines": [], "summary": {"covered_lines": 0, "num_statements": 0, "percent_covered": 100.0, "percent_covered_display": "100", "missing_lines": 0, "excluded_lines": 0}, "missing_lines": [], "excluded_lines": []}, "RateLimitError": {"executed_lines": [], "summary": {"covered_lines": 0, "num_statements": 0, "percent_covered": 100.0, "percent_covered_display": "100", "missing_lines": 0, "excluded_lines": 0}, "missing_lines": [], "excluded_lines": []}, "InvalidResponseError": {"executed_lines": [], "summary": {"covered_lines": 0, "num_statements": 0, "percent_covered": 100.0, "percent_covered_display": "100", "missing_lines": 0, "excluded_lines": 0}, "missing_lines": [], "excluded_lines": []}, "ClaudeService": {"executed_lines": [55, 56, 57, 58, 59, 60, 63, 64, 66], "summary": {"covered_lines": 9, "num_statements": 44, "percent_covered": 20.454545454545453, "percent_covered_display": "20", "missing_lines": 35, "excluded_lines": 0}, "missing_lines": [100, 102, 105, 108, 109, 110, 119, 121, 129, 134, 136, 137, 140, 141, 142, 145, 146, 147, 150, 151, 152, 155, 156, 157, 159, 167, 170, 171, 174, 175, 176, 177, 178, 180, 189], "excluded_lines": []}, "": {"executed_lines": [4, 5, 6, 7, 8, 9, 11, 12, 13, 14, 17, 21, 22, 23, 26, 27, 28, 31, 32, 33, 36, 37, 48, 71, 161, 182], "summary": {"covered_lines": 22, "num_statements": 22, "percent_covered": 100.0, "percent_covered_display": "100", "missing_lines": 0, "excluded_lines": 0}, "missing_lines": [], "excluded_lines": []}}}, "coingecko_service.py": {"executed_lines": [], "summary": {"covered_lines": 0, "num_statements": 188, "percent_covered": 0.0, "percent_covered_display": "0", "missing_lines": 188, "excluded_lines": 0}, "missing_lines": [4, 5, 6, 7, 8, 9, 10, 13, 14, 16, 17, 18, 19, 20, 21, 22, 23, 24, 25, 26, 27, 28, 29, 30, 31, 32, 33, 34, 35, 36, 39, 40, 42, 43, 44, 45, 46, 47, 48, 50, 51, 52, 54, 55, 58, 61, 68, 69, 70, 72, 74, 77, 78, 79, 82, 83, 84, 85, 86, 87, 89, 92, 96, 97, 101, 134, 143, 144, 145, 149, 152, 154, 167, 168, 169, 170, 172, 186, 187, 190, 191, 192, 193, 195, 196, 197, 200, 202, 205, 215, 216, 217, 220, 221, 222, 223, 224, 225, 226, 227, 229, 232, 234, 235, 238, 263, 264, 267, 268, 274, 276, 278, 302, 304, 305, 329, 336, 337, 338, 339, 340, 341, 342, 343, 344, 345, 346, 347, 349, 350, 351, 353, 354, 356, 366, 369, 370, 371, 372, 373, 374, 375, 378, 380, 382, 383, 384, 387, 389, 390, 391, 392, 393, 394, 395, 397, 400, 401, 402, 404, 405, 406, 407, 408, 409, 410, 411, 412, 413, 414, 415, 418, 419, 420, 423, 424, 425, 426, 429, 432, 448, 449, 455, 457, 459, 474, 476, 477], "excluded_lines": [], "functions": {"CoinGeckoRateLimiter.__init__": {"executed_lines": [], "summary": {"covered_lines": 0, "num_statements": 3, "percent_covered": 0.0, "percent_covered_display": "0", "missing_lines": 3, "excluded_lines": 0}, "missing_lines": [68, 69, 70], "excluded_lines": []}, "CoinGeckoRateLimiter.acquire": {"executed_lines": [], "summary": {"covered_lines": 0, "num_statements": 11, "percent_covered": 0.0, "percent_covered_display": "0", "missing_lines": 11, "excluded_lines": 0}, "missing_lines": [74, 77, 78, 79, 82, 83, 84, 85, 86, 87, 89], "excluded_lines": []}, "CoinGeckoService.__init__": {"executed_lines": [], "summary": {"covered_lines": 0, "num_statements": 5, "percent_covered": 0.0, "percent_covered_display": "0", "missing_lines": 5, "excluded_lines": 0}, "missing_lines": [143, 144, 145, 149, 152], "excluded_lines": []}, "CoinGeckoService._get_coin_id": {"executed_lines": [], "summary": {"covered_lines": 0, "num_statements": 4, "percent_covered": 0.0, "percent_covered_display": "0", "missing_lines": 4, "excluded_lines": 0}, "missing_lines": [167, 168, 169, 170], "excluded_lines": []}, "CoinGeckoService.get_fundamentals": {"executed_lines": [], "summary": {"covered_lines": 0, "num_statements": 33, "percent_covered": 0.0, "percent_covered_display": "0", "missing_lines": 33, "excluded_lines": 0}, "missing_lines": [186, 187, 190, 191, 192, 193, 195, 196, 197, 200, 202, 205, 215, 216, 217, 220, 221, 222, 223, 224, 225, 226, 227, 229, 232, 234, 235, 238, 263, 264, 267, 268, 274], "excluded_lines": []}, "CoinGeckoService._serialize_fundamentals": {"executed_lines": [], "summary": {"covered_lines": 0, "num_statements": 1, "percent_covered": 0.0, "percent_covered_display": "0", "missing_lines": 1, "excluded_lines": 0}, "missing_lines": [278], "excluded_lines": []}, "CoinGeckoService._deserialize_fundamentals": {"executed_lines": [], "summary": {"covered_lines": 0, "num_statements": 2, "percent_covered": 0.0, "percent_covered_display": "0", "missing_lines": 2, "excluded_lines": 0}, "missing_lines": [304, 305], "excluded_lines": []}, "CoinGeckoService._get_fear_greed_index": {"executed_lines": [], "summary": {"covered_lines": 0, "num_statements": 17, "percent_covered": 0.0, "percent_covered_display": "0", "missing_lines": 17, "excluded_lines": 0}, "missing_lines": [336, 337, 338, 339, 340, 341, 342, 343, 344, 345, 346, 347, 349, 350, 351, 353, 354], "excluded_lines": []}, "CoinGeckoService.get_global_market_data": {"executed_lines": [], "summary": {"covered_lines": 0, "num_statements": 49, "percent_covered": 0.0, "percent_covered_display": "0", "missing_lines": 49, "excluded_lines": 0}, "missing_lines": [366, 369, 370, 371, 372, 373, 374, 375, 378, 380, 382, 383, 384, 387, 389, 390, 391, 392, 393, 394, 395, 397, 400, 401, 402, 404, 405, 406, 407, 408, 409, 410, 411, 412, 413, 414, 415, 418, 419, 420, 423, 424, 425, 426, 429, 432, 448, 449, 455], "excluded_lines": []}, "CoinGeckoService._serialize_global_data": {"executed_lines": [], "summary": {"covered_lines": 0, "num_statements": 1, "percent_covered": 0.0, "percent_covered_display": "0", "missing_lines": 1, "excluded_lines": 0}, "missing_lines": [459], "excluded_lines": []}, "CoinGeckoService._deserialize_global_data": {"executed_lines": [], "summary": {"covered_lines": 0, "num_statements": 2, "percent_covered": 0.0, "percent_covered_display": "0", "missing_lines": 2, "excluded_lines": 0}, "missing_lines": [476, 477], "excluded_lines": []}, "": {"executed_lines": [], "summary": {"covered_lines": 0, "num_statements": 60, "percent_covered": 0.0, "percent_covered_display": "0", "missing_lines": 60, "excluded_lines": 0}, "missing_lines": [4, 5, 6, 7, 8, 9, 10, 13, 14, 16, 17, 18, 19, 20, 21, 22, 23, 24, 25, 26, 27, 28, 29, 30, 31, 32, 33, 34, 35, 36, 39, 40, 42, 43, 44, 45, 46, 47, 48, 50, 51, 52, 54, 55, 58, 61, 72, 92, 96, 97, 101, 134, 154, 172, 276, 302, 329, 356, 457, 474], "excluded_lines": []}}, "classes": {"CoinGeckoFundamentals": {"executed_lines": [], "summary": {"covered_lines": 0, "num_statements": 0, "percent_covered": 100.0, "percent_covered_display": "100", "missing_lines": 0, "excluded_lines": 0}, "missing_lines": [], "excluded_lines": []}, "GlobalCryptoMarketData": {"executed_lines": [], "summary": {"covered_lines": 0, "num_statements": 0, "percent_covered": 100.0, "percent_covered_display": "100", "missing_lines": 0, "excluded_lines": 0}, "missing_lines": [], "excluded_lines": []}, "CoinGeckoRateLimiter": {"executed_lines": [], "summary": {"covered_lines": 0, "num_statements": 14, "percent_covered": 0.0, "percent_covered_display": "0", "missing_lines": 14, "excluded_lines": 0}, "missing_lines": [68, 69, 70, 74, 77, 78, 79, 82, 83, 84, 85, 86, 87, 89], "excluded_lines": []}, "CoinGeckoService": {"executed_lines": [], "summary": {"covered_lines": 0, "num_statements": 114, "percent_covered": 0.0, "percent_covered_display": "0", "missing_lines": 114, "excluded_lines": 0}, "missing_lines": [143, 144, 145, 149, 152, 167, 168, 169, 170, 186, 187, 190, 191, 192, 193, 195, 196, 197, 200, 202, 205, 215, 216, 217, 220, 221, 222, 223, 224, 225, 226, 227, 229, 232, 234, 235, 238, 263, 264, 267, 268, 274, 278, 304, 305, 336, 337, 338, 339, 340, 341, 342, 343, 344, 345, 346, 347, 349, 350, 351, 353, 354, 366, 369, 370, 371, 372, 373, 374, 375, 378, 380, 382, 383, 384, 387, 389, 390, 391, 392, 393, 394, 395, 397, 400, 401, 402, 404, 405, 406, 407, 408, 409, 410, 411, 412, 413, 414, 415, 418, 419, 420, 423, 424, 425, 426, 429, 432, 448, 449, 455, 459, 476, 477], "excluded_lines": []}, "": {"executed_lines": [], "summary": {"covered_lines": 0, "num_statements": 60, "percent_covered": 0.0, "percent_covered_display": "0", "missing_lines": 60, "excluded_lines": 0}, "missing_lines": [4, 5, 6, 7, 8, 9, 10, 13, 14, 16, 17, 18, 19, 20, 21, 22, 23, 24, 25, 26, 27, 28, 29, 30, 31, 32, 33, 34, 35, 36, 39, 40, 42, 43, 44, 45, 46, 47, 48, 50, 51, 52, 54, 55, 58, 61, 72, 92, 96, 97, 101, 134, 154, 172, 276, 302, 329, 356, 457, 474], "excluded_lines": []}}}, "config.py": {"executed_lines": [4, 5, 6, 9, 10, 13, 14, 15, 16, 19, 22, 23, 24, 25, 26, 27, 28, 31, 32, 33, 36, 37, 38, 41, 42, 44, 52, 59], "summary": {"covered_lines": 27, "num_statements": 27, "percent_covered": 100.0, "percent_covered_display": "100", "missing_lines": 0, "excluded_lines": 0}, "missing_lines": [], "excluded_lines": [], "functions": {"get_settings": {"executed_lines": [59], "summary": {"covered_lines": 1, "num_statements": 1, "percent_covered": 100.0, "percent_covered_display": "100", "missing_lines": 0, "excluded_lines": 0}, "missing_lines": [], "excluded_lines": []}, "": {"executed_lines": [4, 5, 6, 9, 10, 13, 14, 15, 16, 19, 22, 23, 24, 25, 26, 27, 28, 31, 32, 33, 36, 37, 38, 41, 42, 44, 52], "summary": {"covered_lines": 26, "num_statements": 26, "percent_covered": 100.0, "percent_covered_display": "100", "missing_lines": 0, "excluded_lines": 0}, "missing_lines": [], "excluded_lines": []}}, "classes": {"Settings": {"executed_lines": [], "summary": {"covered_lines": 0, "num_statements": 0, "percent_covered": 100.0, "percent_covered_display": "100", "missing_lines": 0, "excluded_lines": 0}, "missing_lines": [], "excluded_lines": []}, "": {"executed_lines": [4, 5, 6, 9, 10, 13, 14, 15, 16, 19, 22, 23, 24, 25, 26, 27, 28, 31, 32, 33, 36, 37, 38, 41, 42, 44, 52, 59], "summary": {"covered_lines": 27, "num_statements": 27, "percent_covered": 100.0, "percent_covered_display": "100", "missing_lines": 0, "excluded_lines": 0}, "missing_lines": [], "excluded_lines": []}}}, "csv_parser.py": {"executed_lines": [4, 5, 6, 7, 8, 9, 10, 11, 12, 14, 15, 16, 17, 18, 19, 21, 22, 24, 25, 50, 51, 96, 97, 99, 103, 104, 107, 112, 130, 240, 241, 243, 303, 358, 404, 405, 408, 410, 469, 628, 922, 933, 938], "summary": {"covered_lines": 37, "num_statements": 338, "percent_covered": 10.946745562130177, "percent_covered_display": "11", "missing_lines": 301, "excluded_lines": 0}, "missing_lines": [36, 37, 40, 41, 42, 45, 46, 48, 62, 69, 70, 71, 72, 75, 76, 77, 78, 79, 82, 83, 85, 86, 87, 94, 101, 134, 135, 138, 139, 140, 141, 144, 145, 148, 149, 151, 153, 154, 155, 157, 159, 161, 162, 165, 166, 169, 170, 172, 175, 176, 177, 181, 183, 184, 185, 186, 189, 192, 193, 194, 195, 198, 201, 202, 206, 207, 209, 212, 213, 215, 218, 236, 238, 247, 248, 251, 252, 253, 254, 257, 258, 261, 262, 265, 266, 268, 269, 271, 272, 275, 276, 278, 280, 281, 283, 284, 287, 289, 292, 294, 295, 297, 299, 301, 307, 308, 311, 312, 313, 314, 315, 316, 317, 319, 322, 323, 325, 326, 328, 331, 334, 335, 337, 338, 341, 343, 362, 363, 364, 365, 366, 367, 368, 370, 373, 374, 375, 376, 379, 380, 382, 383, 386, 388, 414, 415, 418, 419, 420, 421, 424, 425, 428, 429, 432, 433, 436, 438, 439, 442, 443, 444, 445, 446, 448, 450, 452, 453, 456, 457, 458, 459, 462, 464, 465, 467, 471, 474, 475, 478, 479, 480, 482, 485, 486, 487, 488, 489, 490, 493, 494, 497, 498, 501, 503, 505, 521, 523, 525, 541, 543, 545, 547, 548, 564, 565, 567, 568, 583, 586, 587, 603, 605, 607, 608, 624, 626, 630, 633, 634, 635, 638, 640, 641, 642, 644, 646, 648, 649, 651, 653, 654, 655, 658, 661, 662, 663, 664, 665, 666, 669, 672, 673, 674, 675, 678, 680, 681, 699, 701, 703, 704, 723, 724, 725, 727, 729, 730, 747, 749, 751, 752, 769, 771, 773, 774, 791, 793, 796, 797, 812, 815, 816, 831, 833, 835, 837, 838, 840, 856, 858, 860, 861, 877, 879, 881, 883, 899, 900, 902, 918, 920, 924, 925, 928, 929, 931, 935, 936, 940, 945], "excluded_lines": [], "functions": {"CSVDetector.detect_file_type": {"executed_lines": [], "summary": {"covered_lines": 0, "num_statements": 8, "percent_covered": 0.0, "percent_covered_display": "0", "missing_lines": 8, "excluded_lines": 0}, "missing_lines": [36, 37, 40, 41, 42, 45, 46, 48], "excluded_lines": []}, "CSVDetector.validate_file": {"executed_lines": [], "summary": {"covered_lines": 0, "num_statements": 16, "percent_covered": 0.0, "percent_covered_display": "0", "missing_lines": 16, "excluded_lines": 0}, "missing_lines": [62, 69, 70, 71, 72, 75, 76, 77, 78, 79, 82, 83, 85, 86, 87, 94], "excluded_lines": []}, "CSVParser.parse": {"executed_lines": [], "summary": {"covered_lines": 0, "num_statements": 1, "percent_covered": 0.0, "percent_covered_display": "0", "missing_lines": 1, "excluded_lines": 0}, "missing_lines": [101], "excluded_lines": []}, "MetalsParser.parse": {"executed_lines": [], "summary": {"covered_lines": 0, "num_statements": 48, "percent_covered": 0.0, "percent_covered_display": "0", "missing_lines": 48, "excluded_lines": 0}, "missing_lines": [134, 135, 138, 139, 140, 141, 144, 145, 148, 149, 151, 153, 154, 155, 157, 159, 161, 162, 165, 166, 169, 170, 172, 175, 176, 177, 181, 183, 184, 185, 186, 189, 192, 193, 194, 195, 198, 201, 202, 206, 207, 209, 212, 213, 215, 218, 236, 238], "excluded_lines": []}, "StocksParser.parse": {"executed_lines": [], "summary": {"covered_lines": 0, "num_statements": 31, "percent_covered": 0.0, "percent_covered_display": "0", "missing_lines": 31, "excluded_lines": 0}, "missing_lines": [247, 248, 251, 252, 253, 254, 257, 258, 261, 262, 265, 266, 268, 269, 271, 272, 275, 276, 278, 280, 281, 283, 284, 287, 289, 292, 294, 295, 297, 299, 301], "excluded_lines": []}, "StocksParser._parse_actual_format_row": {"executed_lines": [], "summary": {"covered_lines": 0, "num_statements": 22, "percent_covered": 0.0, "percent_covered_display": "0", "missing_lines": 22, "excluded_lines": 0}, "missing_lines": [307, 308, 311, 312, 313, 314, 315, 316, 317, 319, 322, 323, 325, 326, 328, 331, 334, 335, 337, 338, 341, 343], "excluded_lines": []}, "StocksParser._parse_test_format_row": {"executed_lines": [], "summary": {"covered_lines": 0, "num_statements": 18, "percent_covered": 0.0, "percent_covered_display": "0", "missing_lines": 18, "excluded_lines": 0}, "missing_lines": [362, 363, 364, 365, 366, 367, 368, 370, 373, 374, 375, 376, 379, 380, 382, 383, 386, 388], "excluded_lines": []}, "CryptoParser.parse": {"executed_lines": [], "summary": {"covered_lines": 0, "num_statements": 32, "percent_covered": 0.0, "percent_covered_display": "0", "missing_lines": 32, "excluded_lines": 0}, "missing_lines": [414, 415, 418, 419, 420, 421, 424, 425, 428, 429, 432, 433, 436, 438, 439, 442, 443, 444, 445, 446, 448, 450, 452, 453, 456, 457, 458, 459, 462, 464, 465, 467], "excluded_lines": []}, "CryptoParser._parse_new_format_row": {"executed_lines": [], "summary": {"covered_lines": 0, "num_statements": 41, "percent_covered": 0.0, "percent_covered_display": "0", "missing_lines": 41, "excluded_lines": 0}, "missing_lines": [471, 474, 475, 478, 479, 480, 482, 485, 486, 487, 488, 489, 490, 493, 494, 497, 498, 501, 503, 505, 521, 523, 525, 541, 543, 545, 547, 548, 564, 565, 567, 568, 583, 586, 587, 603, 605, 607, 608, 624, 626], "excluded_lines": []}, "CryptoParser._parse_old_format_row": {"executed_lines": [], "summary": {"covered_lines": 0, "num_statements": 75, "percent_covered": 0.0, "percent_covered_display": "0", "missing_lines": 75, "excluded_lines": 0}, "missing_lines": [630, 633, 634, 635, 638, 640, 641, 642, 644, 646, 648, 649, 651, 653, 654, 655, 658, 661, 662, 663, 664, 665, 666, 669, 672, 673, 674, 675, 678, 680, 681, 699, 701, 703, 704, 723, 724, 725, 727, 729, 730, 747, 749, 751, 752, 769, 771, 773, 774, 791, 793, 796, 797, 812, 815, 816, 831, 833, 835, 837, 838, 840, 856, 858, 860, 861, 877, 879, 881, 883, 899, 900, 902, 918, 920], "excluded_lines": []}, "CryptoParser._clean_currency": {"executed_lines": [], "summary": {"covered_lines": 0, "num_statements": 5, "percent_covered": 0.0, "percent_covered_display": "0", "missing_lines": 5, "excluded_lines": 0}, "missing_lines": [924, 925, 928, 929, 931], "excluded_lines": []}, "CryptoParser._is_fiat": {"executed_lines": [], "summary": {"covered_lines": 0, "num_statements": 2, "percent_covered": 0.0, "percent_covered_display": "0", "missing_lines": 2, "excluded_lines": 0}, "missing_lines": [935, 936], "excluded_lines": []}, "get_parser": {"executed_lines": [], "summary": {"covered_lines": 0, "num_statements": 2, "percent_covered": 0.0, "percent_covered_display": "0", "missing_lines": 2, "excluded_lines": 0}, "missing_lines": [940, 945], "excluded_lines": []}, "": {"executed_lines": [4, 5, 6, 7, 8, 9, 10, 11, 12, 14, 15, 16, 17, 18, 19, 21, 22, 24, 25, 50, 51, 96, 97, 99, 103, 104, 107, 112, 130, 240, 241, 243, 303, 358, 404, 405, 408, 410, 469, 628, 922, 933, 938], "summary": {"covered_lines": 37, "num_statements": 37, "percent_covered": 100.0, "percent_covered_display": "100", "missing_lines": 0, "excluded_lines": 0}, "missing_lines": [], "excluded_lines": []}}, "classes": {"FileType": {"executed_lines": [], "summary": {"covered_lines": 0, "num_statements": 0, "percent_covered": 100.0, "percent_covered_display": "100", "missing_lines": 0, "excluded_lines": 0}, "missing_lines": [], "excluded_lines": []}, "CSVDetector": {"executed_lines": [], "summary": {"covered_lines": 0, "num_statements": 24, "percent_covered": 0.0, "percent_covered_display": "0", "missing_lines": 24, "excluded_lines": 0}, "missing_lines": [36, 37, 40, 41, 42, 45, 46, 48, 62, 69, 70, 71, 72, 75, 76, 77, 78, 79, 82, 83, 85, 86, 87, 94], "excluded_lines": []}, "CSVParser": {"executed_lines": [], "summary": {"covered_lines": 0, "num_statements": 1, "percent_covered": 0.0, "percent_covered_display": "0", "missing_lines": 1, "excluded_lines": 0}, "missing_lines": [101], "excluded_lines": []}, "MetalsParser": {"executed_lines": [], "summary": {"covered_lines": 0, "num_statements": 48, "percent_covered": 0.0, "percent_covered_display": "0", "missing_lines": 48, "excluded_lines": 0}, "missing_lines": [134, 135, 138, 139, 140, 141, 144, 145, 148, 149, 151, 153, 154, 155, 157, 159, 161, 162, 165, 166, 169, 170, 172, 175, 176, 177, 181, 183, 184, 185, 186, 189, 192, 193, 194, 195, 198, 201, 202, 206, 207, 209, 212, 213, 215, 218, 236, 238], "excluded_lines": []}, "StocksParser": {"executed_lines": [], "summary": {"covered_lines": 0, "num_statements": 71, "percent_covered": 0.0, "percent_covered_display": "0", "missing_lines": 71, "excluded_lines": 0}, "missing_lines": [247, 248, 251, 252, 253, 254, 257, 258, 261, 262, 265, 266, 268, 269, 271, 272, 275, 276, 278, 280, 281, 283, 284, 287, 289, 292, 294, 295, 297, 299, 301, 307, 308, 311, 312, 313, 314, 315, 316, 317, 319, 322, 323, 325, 326, 328, 331, 334, 335, 337, 338, 341, 343, 362, 363, 364, 365, 366, 367, 368, 370, 373, 374, 375, 376, 379, 380, 382, 383, 386, 388], "excluded_lines": []}, "CryptoParser": {"executed_lines": [], "summary": {"covered_lines": 0, "num_statements": 155, "percent_covered": 0.0, "percent_covered_display": "0", "missing_lines": 155, "excluded_lines": 0}, "missing_lines": [414, 415, 418, 419, 420, 421, 424, 425, 428, 429, 432, 433, 436, 438, 439, 442, 443, 444, 445, 446, 448, 450, 452, 453, 456, 457, 458, 459, 462, 464, 465, 467, 471, 474, 475, 478, 479, 480, 482, 485, 486, 487, 488, 489, 490, 493, 494, 497, 498, 501, 503, 505, 521, 523, 525, 541, 543, 545, 547, 548, 564, 565, 567, 568, 583, 586, 587, 603, 605, 607, 608, 624, 626, 630, 633, 634, 635, 638, 640, 641, 642, 644, 646, 648, 649, 651, 653, 654, 655, 658, 661, 662, 663, 664, 665, 666, 669, 672, 673, 674, 675, 678, 680, 681, 699, 701, 703, 704, 723, 724, 725, 727, 729, 730, 747, 749, 751, 752, 769, 771, 773, 774, 791, 793, 796, 797, 812, 815, 816, 831, 833, 835, 837, 838, 840, 856, 858, 860, 861, 877, 879, 881, 883, 899, 900, 902, 918, 920, 924, 925, 928, 929, 931, 935, 936], "excluded_lines": []}, "": {"executed_lines": [4, 5, 6, 7, 8, 9, 10, 11, 12, 14, 15, 16, 17, 18, 19, 21, 22, 24, 25, 50, 51, 96, 97, 99, 103, 104, 107, 112, 130, 240, 241, 243, 303, 358, 404, 405, 408, 410, 469, 628, 922, 933, 938], "summary": {"covered_lines": 37, "num_statements": 39, "percent_covered": 94.87179487179488, "percent_covered_display": "95", "missing_lines": 2, "excluded_lines": 0}, "missing_lines": [940, 945], "excluded_lines": []}}}, "currency_converter.py": {"executed_lines": [], "summary": {"covered_lines": 0, "num_statements": 112, "percent_covered": 0.0, "percent_covered_display": "0", "missing_lines": 112, "excluded_lines": 0}, "missing_lines": [4, 5, 6, 7, 8, 9, 11, 15, 21, 22, 24, 25, 26, 27, 28, 31, 40, 48, 49, 50, 52, 69, 70, 72, 73, 76, 77, 80, 83, 85, 87, 104, 105, 107, 108, 111, 112, 113, 114, 116, 117, 119, 120, 121, 122, 123, 127, 129, 147, 150, 151, 152, 153, 157, 159, 161, 162, 165, 168, 169, 170, 171, 172, 174, 175, 177, 180, 182, 184, 186, 187, 188, 189, 190, 191, 193, 194, 195, 197, 204, 206, 208, 210, 217, 224, 232, 239, 240, 242, 257, 263, 276, 277, 279, 280, 281, 282, 285, 287, 295, 297, 303, 316, 318, 319, 320, 322, 323, 327, 328, 330, 332], "excluded_lines": [], "functions": {"CurrencyConverter.__init__": {"executed_lines": [], "summary": {"covered_lines": 0, "num_statements": 3, "percent_covered": 0.0, "percent_covered_display": "0", "missing_lines": 3, "excluded_lines": 0}, "missing_lines": [48, 49, 50], "excluded_lines": []}, "CurrencyConverter.convert": {"executed_lines": [], "summary": {"covered_lines": 0, "num_statements": 9, "percent_covered": 0.0, "percent_covered_display": "0", "missing_lines": 9, "excluded_lines": 0}, "missing_lines": [69, 70, 72, 73, 76, 77, 80, 83, 85], "excluded_lines": []}, "CurrencyConverter.get_exchange_rate": {"executed_lines": [], "summary": {"covered_lines": 0, "num_statements": 16, "percent_covered": 0.0, "percent_covered_display": "0", "missing_lines": 16, "excluded_lines": 0}, "missing_lines": [104, 105, 107, 108, 111, 112, 113, 114, 116, 117, 119, 120, 121, 122, 123, 127], "excluded_lines": []}, "CurrencyConverter.fetch_exchange_rate": {"executed_lines": [], "summary": {"covered_lines": 0, "num_statements": 30, "percent_covered": 0.0, "percent_covered_display": "0", "missing_lines": 30, "excluded_lines": 0}, "missing_lines": [147, 150, 151, 152, 153, 157, 159, 161, 162, 165, 168, 169, 170, 171, 172, 174, 175, 177, 180, 182, 184, 186, 187, 188, 189, 190, 191, 193, 194, 195], "excluded_lines": []}, "CurrencyConverter.get_supported_currencies": {"executed_lines": [], "summary": {"covered_lines": 0, "num_statements": 1, "percent_covered": 0.0, "percent_covered_display": "0", "missing_lines": 1, "excluded_lines": 0}, "missing_lines": [204], "excluded_lines": []}, "CurrencyConverter.clear_cache": {"executed_lines": [], "summary": {"covered_lines": 0, "num_statements": 1, "percent_covered": 0.0, "percent_covered_display": "0", "missing_lines": 1, "excluded_lines": 0}, "missing_lines": [208], "excluded_lines": []}, "CurrencyConverter.get_cache_info": {"executed_lines": [], "summary": {"covered_lines": 0, "num_statements": 1, "percent_covered": 0.0, "percent_covered_display": "0", "missing_lines": 1, "excluded_lines": 0}, "missing_lines": [217], "excluded_lines": []}, "PortfolioCurrencyConverter.__init__": {"executed_lines": [], "summary": {"covered_lines": 0, "num_statements": 2, "percent_covered": 0.0, "percent_covered_display": "0", "missing_lines": 2, "excluded_lines": 0}, "missing_lines": [239, 240], "excluded_lines": []}, "PortfolioCurrencyConverter.convert_position": {"executed_lines": [], "summary": {"covered_lines": 0, "num_statements": 1, "percent_covered": 0.0, "percent_covered_display": "0", "missing_lines": 1, "excluded_lines": 0}, "missing_lines": [257], "excluded_lines": []}, "PortfolioCurrencyConverter.convert_portfolio": {"executed_lines": [], "summary": {"covered_lines": 0, "num_statements": 10, "percent_covered": 0.0, "percent_covered_display": "0", "missing_lines": 10, "excluded_lines": 0}, "missing_lines": [276, 277, 279, 280, 281, 282, 285, 287, 295, 297], "excluded_lines": []}, "PortfolioCurrencyConverter.get_rates_for_portfolio": {"executed_lines": [], "summary": {"covered_lines": 0, "num_statements": 10, "percent_covered": 0.0, "percent_covered_display": "0", "missing_lines": 10, "excluded_lines": 0}, "missing_lines": [316, 318, 319, 320, 322, 323, 327, 328, 330, 332], "excluded_lines": []}, "": {"executed_lines": [], "summary": {"covered_lines": 0, "num_statements": 28, "percent_covered": 0.0, "percent_covered_display": "0", "missing_lines": 28, "excluded_lines": 0}, "missing_lines": [4, 5, 6, 7, 8, 9, 11, 15, 21, 22, 24, 25, 26, 27, 28, 31, 40, 52, 87, 129, 197, 206, 210, 224, 232, 242, 263, 303], "excluded_lines": []}}, "classes": {"ExchangeRate": {"executed_lines": [], "summary": {"covered_lines": 0, "num_statements": 0, "percent_covered": 100.0, "percent_covered_display": "100", "missing_lines": 0, "excluded_lines": 0}, "missing_lines": [], "excluded_lines": []}, "CurrencyConverter": {"executed_lines": [], "summary": {"covered_lines": 0, "num_statements": 61, "percent_covered": 0.0, "percent_covered_display": "0", "missing_lines": 61, "excluded_lines": 0}, "missing_lines": [48, 49, 50, 69, 70, 72, 73, 76, 77, 80, 83, 85, 104, 105, 107, 108, 111, 112, 113, 114, 116, 117, 119, 120, 121, 122, 123, 127, 147, 150, 151, 152, 153, 157, 159, 161, 162, 165, 168, 169, 170, 171, 172, 174, 175, 177, 180, 182, 184, 186, 187, 188, 189, 190, 191, 193, 194, 195, 204, 208, 217], "excluded_lines": []}, "PortfolioCurrencyConverter": {"executed_lines": [], "summary": {"covered_lines": 0, "num_statements": 23, "percent_covered": 0.0, "percent_covered_display": "0", "missing_lines": 23, "excluded_lines": 0}, "missing_lines": [239, 240, 257, 276, 277, 279, 280, 281, 282, 285, 287, 295, 297, 316, 318, 319, 320, 322, 323, 327, 328, 330, 332], "excluded_lines": []}, "": {"executed_lines": [], "summary": {"covered_lines": 0, "num_statements": 28, "percent_covered": 0.0, "percent_covered_display": "0", "missing_lines": 28, "excluded_lines": 0}, "missing_lines": [4, 5, 6, 7, 8, 9, 11, 15, 21, 22, 24, 25, 26, 27, 28, 31, 40, 52, 87, 129, 197, 206, 210, 224, 232, 242, 263, 303], "excluded_lines": []}}}, "database.py": {"executed_lines": [4, 5, 6, 7, 8, 9, 10, 12, 15, 21, 22, 27, 34, 42, 43, 52, 64, 76, 77, 89, 98, 111, 124, 136], "summary": {"covered_lines": 24, "num_statements": 85, "percent_covered": 28.235294117647058, "percent_covered_display": "28", "missing_lines": 61, "excluded_lines": 0}, "missing_lines": [24, 54, 56, 57, 58, 59, 60, 61, 66, 67, 68, 69, 70, 71, 72, 73, 79, 80, 81, 82, 83, 84, 85, 87, 91, 92, 93, 95, 100, 101, 102, 103, 104, 105, 106, 108, 113, 114, 115, 116, 117, 118, 119, 120, 126, 127, 128, 129, 130, 131, 132, 133, 138, 139, 141, 145, 146, 148, 149, 155, 157], "excluded_lines": [], "functions": {"init_db": {"executed_lines": [], "summary": {"covered_lines": 0, "num_statements": 7, "percent_covered": 0.0, "percent_covered_display": "0", "missing_lines": 7, "excluded_lines": 0}, "missing_lines": [54, 56, 57, 58, 59, 60, 61], "excluded_lines": []}, "init_db_async": {"executed_lines": [], "summary": {"covered_lines": 0, "num_statements": 8, "percent_covered": 0.0, "percent_covered_display": "0", "missing_lines": 8, "excluded_lines": 0}, "missing_lines": [66, 67, 68, 69, 70, 71, 72, 73], "excluded_lines": []}, "get_db_context": {"executed_lines": [], "summary": {"covered_lines": 0, "num_statements": 8, "percent_covered": 0.0, "percent_covered_display": "0", "missing_lines": 8, "excluded_lines": 0}, "missing_lines": [79, 80, 81, 82, 83, 84, 85, 87], "excluded_lines": []}, "get_db": {"executed_lines": [], "summary": {"covered_lines": 0, "num_statements": 4, "percent_covered": 0.0, "percent_covered_display": "0", "missing_lines": 4, "excluded_lines": 0}, "missing_lines": [91, 92, 93, 95], "excluded_lines": []}, "get_async_db": {"executed_lines": [], "summary": {"covered_lines": 0, "num_statements": 8, "percent_covered": 0.0, "percent_covered_display": "0", "missing_lines": 8, "excluded_lines": 0}, "missing_lines": [100, 101, 102, 103, 104, 105, 106, 108], "excluded_lines": []}, "test_connection": {"executed_lines": [], "summary": {"covered_lines": 0, "num_statements": 8, "percent_covered": 0.0, "percent_covered_display": "0", "missing_lines": 8, "excluded_lines": 0}, "missing_lines": [113, 114, 115, 116, 117, 118, 119, 120], "excluded_lines": []}, "bulk_insert_transactions": {"executed_lines": [], "summary": {"covered_lines": 0, "num_statements": 8, "percent_covered": 0.0, "percent_covered_display": "0", "missing_lines": 8, "excluded_lines": 0}, "missing_lines": [126, 127, 128, 129, 130, 131, 132, 133], "excluded_lines": []}, "get_or_create_position": {"executed_lines": [], "summary": {"covered_lines": 0, "num_statements": 9, "percent_covered": 0.0, "percent_covered_display": "0", "missing_lines": 9, "excluded_lines": 0}, "missing_lines": [138, 139, 141, 145, 146, 148, 149, 155, 157], "excluded_lines": []}, "": {"executed_lines": [4, 5, 6, 7, 8, 9, 10, 12, 15, 21, 22, 27, 34, 42, 43, 52, 64, 76, 77, 89, 98, 111, 124, 136], "summary": {"covered_lines": 24, "num_statements": 25, "percent_covered": 96.0, "percent_covered_display": "96", "missing_lines": 1, "excluded_lines": 0}, "missing_lines": [24], "excluded_lines": []}}, "classes": {"": {"executed_lines": [4, 5, 6, 7, 8, 9, 10, 12, 15, 21, 22, 27, 34, 42, 43, 52, 64, 76, 77, 89, 98, 111, 124, 136], "summary": {"covered_lines": 24, "num_statements": 85, "percent_covered": 28.235294117647058, "percent_covered_display": "28", "missing_lines": 61, "excluded_lines": 0}, "missing_lines": [24, 54, 56, 57, 58, 59, 60, 61, 66, 67, 68, 69, 70, 71, 72, 73, 79, 80, 81, 82, 83, 84, 85, 87, 91, 92, 93, 95, 100, 101, 102, 103, 104, 105, 106, 108, 113, 114, 115, 116, 117, 118, 119, 120, 126, 127, 128, 129, 130, 131, 132, 133, 138, 139, 141, 145, 146, 148, 149, 155, 157], "excluded_lines": []}}}, "database_reset_service.py": {"executed_lines": [4, 5, 6, 7, 8, 9, 11, 14, 15, 17, 19, 22, 88, 118, 155], "summary": {"covered_lines": 14, "num_statements": 91, "percent_covered": 15.384615384615385, "percent_covered_display": "15", "missing_lines": 77, "excluded_lines": 0}, "missing_lines": [20, 37, 38, 39, 42, 44, 46, 47, 52, 53, 54, 55, 58, 59, 60, 61, 64, 67, 68, 71, 72, 73, 80, 81, 83, 84, 85, 86, 90, 92, 94, 95, 97, 98, 100, 101, 103, 104, 106, 107, 109, 116, 120, 121, 124, 132, 133, 138, 139, 144, 146, 147, 148, 157, 158, 161, 181, 183, 188, 189, 192, 197, 198, 201, 206, 207, 213, 217, 220, 227, 233, 237, 238, 240, 242, 243, 244], "excluded_lines": [], "functions": {"DatabaseResetService.__init__": {"executed_lines": [], "summary": {"covered_lines": 0, "num_statements": 1, "percent_covered": 0.0, "percent_covered_display": "0", "missing_lines": 1, "excluded_lines": 0}, "missing_lines": [20], "excluded_lines": []}, "DatabaseResetService.reset_database": {"executed_lines": [], "summary": {"covered_lines": 0, "num_statements": 27, "percent_covered": 0.0, "percent_covered_display": "0", "missing_lines": 27, "excluded_lines": 0}, "missing_lines": [37, 38, 39, 42, 44, 46, 47, 52, 53, 54, 55, 58, 59, 60, 61, 64, 67, 68, 71, 72, 73, 80, 81, 83, 84, 85, 86], "excluded_lines": []}, "DatabaseResetService._get_table_counts": {"executed_lines": [], "summary": {"covered_lines": 0, "num_statements": 14, "percent_covered": 0.0, "percent_covered_display": "0", "missing_lines": 14, "excluded_lines": 0}, "missing_lines": [90, 92, 94, 95, 97, 98, 100, 101, 103, 104, 106, 107, 109, 116], "excluded_lines": []}, "DatabaseResetService.get_database_stats": {"executed_lines": [], "summary": {"covered_lines": 0, "num_statements": 11, "percent_covered": 0.0, "percent_covered_display": "0", "missing_lines": 11, "excluded_lines": 0}, "missing_lines": [120, 121, 124, 132, 133, 138, 139, 144, 146, 147, 148], "excluded_lines": []}, "DatabaseResetService.get_detailed_stats": {"executed_lines": [], "summary": {"covered_lines": 0, "num_statements": 24, "percent_covered": 0.0, "percent_covered_display": "0", "missing_lines": 24, "excluded_lines": 0}, "missing_lines": [157, 158, 161, 181, 183, 188, 189, 192, 197, 198, 201, 206, 207, 213, 217, 220, 227, 233, 237, 238, 240, 242, 243, 244], "excluded_lines": []}, "": {"executed_lines": [4, 5, 6, 7, 8, 9, 11, 14, 15, 17, 19, 22, 88, 118, 155], "summary": {"covered_lines": 14, "num_statements": 14, "percent_covered": 100.0, "percent_covered_display": "100", "missing_lines": 0, "excluded_lines": 0}, "missing_lines": [], "excluded_lines": []}}, "classes": {"DatabaseResetService": {"executed_lines": [], "summary": {"covered_lines": 0, "num_statements": 77, "percent_covered": 0.0, "percent_covered_display": "0", "missing_lines": 77, "excluded_lines": 0}, "missing_lines": [20, 37, 38, 39, 42, 44, 46, 47, 52, 53, 54, 55, 58, 59, 60, 61, 64, 67, 68, 71, 72, 73, 80, 81, 83, 84, 85, 86, 90, 92, 94, 95, 97, 98, 100, 101, 103, 104, 106, 107, 109, 116, 120, 121, 124, 132, 133, 138, 139, 144, 146, 147, 148, 157, 158, 161, 181, 183, 188, 189, 192, 197, 198, 201, 206, 207, 213, 217, 220, 227, 233, 237, 238, 240, 242, 243, 244], "excluded_lines": []}, "": {"executed_lines": [4, 5, 6, 7, 8, 9, 11, 14, 15, 17, 19, 22, 88, 118, 155], "summary": {"covered_lines": 14, "num_statements": 14, "percent_covered": 100.0, "percent_covered_display": "100", "missing_lines": 0, "excluded_lines": 0}, "missing_lines": [], "excluded_lines": []}}}, "database_router.py": {"executed_lines": [4, 5, 6, 7, 8, 9, 10, 12, 14, 20, 21, 64, 65, 89, 90, 115, 116], "summary": {"covered_lines": 17, "num_statements": 49, "percent_covered": 34.69387755102041, "percent_covered_display": "35", "missing_lines": 32, "excluded_lines": 0}, "missing_lines": [36, 38, 41, 46, 48, 50, 51, 55, 57, 58, 76, 77, 78, 79, 81, 82, 83, 102, 103, 104, 105, 107, 108, 109, 120, 122, 125, 126, 128, 134, 135, 136], "excluded_lines": [], "functions": {"reset_database": {"executed_lines": [], "summary": {"covered_lines": 0, "num_statements": 10, "percent_covered": 0.0, "percent_covered_display": "0", "missing_lines": 10, "excluded_lines": 0}, "missing_lines": [36, 38, 41, 46, 48, 50, 51, 55, 57, 58], "excluded_lines": []}, "get_database_stats": {"executed_lines": [], "summary": {"covered_lines": 0, "num_statements": 7, "percent_covered": 0.0, "percent_covered_display": "0", "missing_lines": 7, "excluded_lines": 0}, "missing_lines": [76, 77, 78, 79, 81, 82, 83], "excluded_lines": []}, "get_detailed_database_stats": {"executed_lines": [], "summary": {"covered_lines": 0, "num_statements": 7, "percent_covered": 0.0, "percent_covered_display": "0", "missing_lines": 7, "excluded_lines": 0}, "missing_lines": [102, 103, 104, 105, 107, 108, 109], "excluded_lines": []}, "check_database_health": {"executed_lines": [], "summary": {"covered_lines": 0, "num_statements": 8, "percent_covered": 0.0, "percent_covered_display": "0", "missing_lines": 8, "excluded_lines": 0}, "missing_lines": [120, 122, 125, 126, 128, 134, 135, 136], "excluded_lines": []}, "": {"executed_lines": [4, 5, 6, 7, 8, 9, 10, 12, 14, 20, 21, 64, 65, 89, 90, 115, 116], "summary": {"covered_lines": 17, "num_statements": 17, "percent_covered": 100.0, "percent_covered_display": "100", "missing_lines": 0, "excluded_lines": 0}, "missing_lines": [], "excluded_lines": []}}, "classes": {"": {"executed_lines": [4, 5, 6, 7, 8, 9, 10, 12, 14, 20, 21, 64, 65, 89, 90, 115, 116], "summary": {"covered_lines": 17, "num_statements": 49, "percent_covered": 34.69387755102041, "percent_covered_display": "35", "missing_lines": 32, "excluded_lines": 0}, "missing_lines": [36, 38, 41, 46, 48, 50, 51, 55, 57, 58, 76, 77, 78, 79, 81, 82, 83, 102, 103, 104, 105, 107, 108, 109, 120, 122, 125, 126, 128, 134, 135, 136], "excluded_lines": []}}}, "fifo_calculator.py": {"executed_lines": [4, 5, 6, 7, 8, 11, 12, 13, 14, 15, 16, 17, 19, 26, 27, 31, 40, 41, 51, 52, 53, 54, 55, 56, 57, 58, 59, 60, 61, 63, 74, 75, 79, 80, 84, 85, 91, 92, 99, 103, 157, 257, 271, 285, 299, 316, 325, 339, 356, 366], "summary": {"covered_lines": 47, "num_statements": 140, "percent_covered": 33.57142857142857, "percent_covered_display": "34", "missing_lines": 93, "excluded_lines": 0}, "missing_lines": [21, 22, 23, 24, 29, 33, 43, 65, 66, 67, 68, 69, 70, 71, 72, 77, 82, 87, 101, 123, 124, 127, 128, 129, 131, 140, 141, 144, 145, 146, 147, 148, 149, 151, 152, 155, 183, 184, 187, 188, 189, 192, 193, 194, 199, 200, 201, 202, 205, 206, 208, 210, 211, 212, 214, 223, 224, 225, 229, 230, 231, 233, 242, 243, 244, 246, 267, 268, 269, 281, 282, 283, 295, 296, 297, 309, 310, 311, 313, 314, 323, 335, 336, 337, 347, 348, 350, 352, 353, 354, 363, 364, 368], "excluded_lines": [], "functions": {"Lot.__post_init__": {"executed_lines": [], "summary": {"covered_lines": 0, "num_statements": 4, "percent_covered": 0.0, "percent_covered_display": "0", "missing_lines": 4, "excluded_lines": 0}, "missing_lines": [21, 22, 23, 24], "excluded_lines": []}, "Lot.total_cost": {"executed_lines": [], "summary": {"covered_lines": 0, "num_statements": 1, "percent_covered": 0.0, "percent_covered_display": "0", "missing_lines": 1, "excluded_lines": 0}, "missing_lines": [29], "excluded_lines": []}, "Lot.to_dict": {"executed_lines": [], "summary": {"covered_lines": 0, "num_statements": 1, "percent_covered": 0.0, "percent_covered_display": "0", "missing_lines": 1, "excluded_lines": 0}, "missing_lines": [33], "excluded_lines": []}, "Lot.from_dict": {"executed_lines": [], "summary": {"covered_lines": 0, "num_statements": 1, "percent_covered": 0.0, "percent_covered_display": "0", "missing_lines": 1, "excluded_lines": 0}, "missing_lines": [43], "excluded_lines": []}, "FIFOResult.__post_init__": {"executed_lines": [], "summary": {"covered_lines": 0, "num_statements": 8, "percent_covered": 0.0, "percent_covered_display": "0", "missing_lines": 8, "excluded_lines": 0}, "missing_lines": [65, 66, 67, 68, 69, 70, 71, 72], "excluded_lines": []}, "FIFOResult.net_pnl": {"executed_lines": [], "summary": {"covered_lines": 0, "num_statements": 1, "percent_covered": 0.0, "percent_covered_display": "0", "missing_lines": 1, "excluded_lines": 0}, "missing_lines": [77], "excluded_lines": []}, "FIFOResult.total_proceeds": {"executed_lines": [], "summary": {"covered_lines": 0, "num_statements": 1, "percent_covered": 0.0, "percent_covered_display": "0", "missing_lines": 1, "excluded_lines": 0}, "missing_lines": [82], "excluded_lines": []}, "FIFOResult.total_cost_basis": {"executed_lines": [], "summary": {"covered_lines": 0, "num_statements": 1, "percent_covered": 0.0, "percent_covered_display": "0", "missing_lines": 1, "excluded_lines": 0}, "missing_lines": [87], "excluded_lines": []}, "FIFOCalculator.__init__": {"executed_lines": [], "summary": {"covered_lines": 0, "num_statements": 1, "percent_covered": 0.0, "percent_covered_display": "0", "missing_lines": 1, "excluded_lines": 0}, "missing_lines": [101], "excluded_lines": []}, "FIFOCalculator.add_purchase": {"executed_lines": [], "summary": {"covered_lines": 0, "num_statements": 17, "percent_covered": 0.0, "percent_covered_display": "0", "missing_lines": 17, "excluded_lines": 0}, "missing_lines": [123, 124, 127, 128, 129, 131, 140, 141, 144, 145, 146, 147, 148, 149, 151, 152, 155], "excluded_lines": []}, "FIFOCalculator.process_sale": {"executed_lines": [], "summary": {"covered_lines": 0, "num_statements": 30, "percent_covered": 0.0, "percent_covered_display": "0", "missing_lines": 30, "excluded_lines": 0}, "missing_lines": [183, 184, 187, 188, 189, 192, 193, 194, 199, 200, 201, 202, 205, 206, 208, 210, 211, 212, 214, 223, 224, 225, 229, 230, 231, 233, 242, 243, 244, 246], "excluded_lines": []}, "FIFOCalculator.get_lots": {"executed_lines": [], "summary": {"covered_lines": 0, "num_statements": 3, "percent_covered": 0.0, "percent_covered_display": "0", "missing_lines": 3, "excluded_lines": 0}, "missing_lines": [267, 268, 269], "excluded_lines": []}, "FIFOCalculator.get_total_quantity": {"executed_lines": [], "summary": {"covered_lines": 0, "num_statements": 3, "percent_covered": 0.0, "percent_covered_display": "0", "missing_lines": 3, "excluded_lines": 0}, "missing_lines": [281, 282, 283], "excluded_lines": []}, "FIFOCalculator.get_total_cost_basis": {"executed_lines": [], "summary": {"covered_lines": 0, "num_statements": 3, "percent_covered": 0.0, "percent_covered_display": "0", "missing_lines": 3, "excluded_lines": 0}, "missing_lines": [295, 296, 297], "excluded_lines": []}, "FIFOCalculator.get_average_cost_basis": {"executed_lines": [], "summary": {"covered_lines": 0, "num_statements": 5, "percent_covered": 0.0, "percent_covered_display": "0", "missing_lines": 5, "excluded_lines": 0}, "missing_lines": [309, 310, 311, 313, 314], "excluded_lines": []}, "FIFOCalculator.get_all_tickers": {"executed_lines": [], "summary": {"covered_lines": 0, "num_statements": 1, "percent_covered": 0.0, "percent_covered_display": "0", "missing_lines": 1, "excluded_lines": 0}, "missing_lines": [323], "excluded_lines": []}, "FIFOCalculator.export_lots_to_json": {"executed_lines": [], "summary": {"covered_lines": 0, "num_statements": 3, "percent_covered": 0.0, "percent_covered_display": "0", "missing_lines": 3, "excluded_lines": 0}, "missing_lines": [335, 336, 337], "excluded_lines": []}, "FIFOCalculator.import_lots_from_json": {"executed_lines": [], "summary": {"covered_lines": 0, "num_statements": 6, "percent_covered": 0.0, "percent_covered_display": "0", "missing_lines": 6, "excluded_lines": 0}, "missing_lines": [347, 348, 350, 352, 353, 354], "excluded_lines": []}, "FIFOCalculator.clear_ticker": {"executed_lines": [], "summary": {"covered_lines": 0, "num_statements": 2, "percent_covered": 0.0, "percent_covered_display": "0", "missing_lines": 2, "excluded_lines": 0}, "missing_lines": [363, 364], "excluded_lines": []}, "FIFOCalculator.clear_all": {"executed_lines": [], "summary": {"covered_lines": 0, "num_statements": 1, "percent_covered": 0.0, "percent_covered_display": "0", "missing_lines": 1, "excluded_lines": 0}, "missing_lines": [368], "excluded_lines": []}, "": {"executed_lines": [4, 5, 6, 7, 8, 11, 12, 13, 14, 15, 16, 17, 19, 26, 27, 31, 40, 41, 51, 52, 53, 54, 55, 56, 57, 58, 59, 60, 61, 63, 74, 75, 79, 80, 84, 85, 91, 92, 99, 103, 157, 257, 271, 285, 299, 316, 325, 339, 356, 366], "summary": {"covered_lines": 47, "num_statements": 47, "percent_covered": 100.0, "percent_covered_display": "100", "missing_lines": 0, "excluded_lines": 0}, "missing_lines": [], "excluded_lines": []}}, "classes": {"Lot": {"executed_lines": [], "summary": {"covered_lines": 0, "num_statements": 7, "percent_covered": 0.0, "percent_covered_display": "0", "missing_lines": 7, "excluded_lines": 0}, "missing_lines": [21, 22, 23, 24, 29, 33, 43], "excluded_lines": []}, "FIFOResult": {"executed_lines": [], "summary": {"covered_lines": 0, "num_statements": 11, "percent_covered": 0.0, "percent_covered_display": "0", "missing_lines": 11, "excluded_lines": 0}, "missing_lines": [65, 66, 67, 68, 69, 70, 71, 72, 77, 82, 87], "excluded_lines": []}, "FIFOCalculator": {"executed_lines": [], "summary": {"covered_lines": 0, "num_statements": 75, "percent_covered": 0.0, "percent_covered_display": "0", "missing_lines": 75, "excluded_lines": 0}, "missing_lines": [101, 123, 124, 127, 128, 129, 131, 140, 141, 144, 145, 146, 147, 148, 149, 151, 152, 155, 183, 184, 187, 188, 189, 192, 193, 194, 199, 200, 201, 202, 205, 206, 208, 210, 211, 212, 214, 223, 224, 225, 229, 230, 231, 233, 242, 243, 244, 246, 267, 268, 269, 281, 282, 283, 295, 296, 297, 309, 310, 311, 313, 314, 323, 335, 336, 337, 347, 348, 350, 352, 353, 354, 363, 364, 368], "excluded_lines": []}, "": {"executed_lines": [4, 5, 6, 7, 8, 11, 12, 13, 14, 15, 16, 17, 19, 26, 27, 31, 40, 41, 51, 52, 53, 54, 55, 56, 57, 58, 59, 60, 61, 63, 74, 75, 79, 80, 84, 85, 91, 92, 99, 103, 157, 257, 271, 285, 299, 316, 325, 339, 356, 366], "summary": {"covered_lines": 47, "num_statements": 47, "percent_covered": 100.0, "percent_covered_display": "100", "missing_lines": 0, "excluded_lines": 0}, "missing_lines": [], "excluded_lines": []}}}, "import_router.py": {"executed_lines": [4, 5, 6, 7, 8, 9, 10, 14, 15, 16, 17, 18, 20, 22, 23, 197, 198, 221, 222, 240, 241], "summary": {"covered_lines": 21, "num_statements": 98, "percent_covered": 21.428571428571427, "percent_covered_display": "21", "missing_lines": 77, "excluded_lines": 0}, "missing_lines": [11, 12, 13, 46, 47, 49, 50, 55, 57, 59, 60, 61, 62, 64, 66, 67, 74, 77, 78, 80, 81, 83, 86, 89, 90, 91, 94, 95, 99, 100, 105, 106, 107, 110, 117, 119, 136, 137, 138, 149, 161, 162, 163, 164, 165, 166, 167, 168, 171, 172, 173, 174, 175, 176, 177, 178, 181, 200, 236, 237, 238, 256, 257, 259, 260, 261, 267, 268, 270, 271, 276, 278, 281, 282, 284, 302, 303], "excluded_lines": [], "functions": {"upload_csv_files": {"executed_lines": [], "summary": {"covered_lines": 0, "num_statements": 54, "percent_covered": 0.0, "percent_covered_display": "0", "missing_lines": 54, "excluded_lines": 0}, "missing_lines": [46, 47, 49, 50, 55, 57, 59, 60, 61, 62, 64, 66, 67, 74, 77, 78, 80, 81, 83, 86, 89, 90, 91, 94, 95, 99, 100, 105, 106, 107, 110, 117, 119, 136, 137, 138, 149, 161, 162, 163, 164, 165, 166, 167, 168, 171, 172, 173, 174, 175, 176, 177, 178, 181], "excluded_lines": []}, "get_import_status": {"executed_lines": [], "summary": {"covered_lines": 0, "num_statements": 1, "percent_covered": 0.0, "percent_covered_display": "0", "missing_lines": 1, "excluded_lines": 0}, "missing_lines": [200], "excluded_lines": []}, "get_import_summary": {"executed_lines": [], "summary": {"covered_lines": 0, "num_statements": 3, "percent_covered": 0.0, "percent_covered_display": "0", "missing_lines": 3, "excluded_lines": 0}, "missing_lines": [236, 237, 238], "excluded_lines": []}, "check_duplicates": {"executed_lines": [], "summary": {"covered_lines": 0, "num_statements": 16, "percent_covered": 0.0, "percent_covered_display": "0", "missing_lines": 16, "excluded_lines": 0}, "missing_lines": [256, 257, 259, 260, 261, 267, 268, 270, 271, 276, 278, 281, 282, 284, 302, 303], "excluded_lines": []}, "": {"executed_lines": [4, 5, 6, 7, 8, 9, 10, 14, 15, 16, 17, 18, 20, 22, 23, 197, 198, 221, 222, 240, 241], "summary": {"covered_lines": 21, "num_statements": 24, "percent_covered": 87.5, "percent_covered_display": "88", "missing_lines": 3, "excluded_lines": 0}, "missing_lines": [11, 12, 13], "excluded_lines": []}}, "classes": {"": {"executed_lines": [4, 5, 6, 7, 8, 9, 10, 14, 15, 16, 17, 18, 20, 22, 23, 197, 198, 221, 222, 240, 241], "summary": {"covered_lines": 21, "num_statements": 98, "percent_covered": 21.428571428571427, "percent_covered_display": "21", "missing_lines": 77, "excluded_lines": 0}, "missing_lines": [11, 12, 13, 46, 47, 49, 50, 55, 57, 59, 60, 61, 62, 64, 66, 67, 74, 77, 78, 80, 81, 83, 86, 89, 90, 91, 94, 95, 99, 100, 105, 106, 107, 110, 117, 119, 136, 137, 138, 149, 161, 162, 163, 164, 165, 166, 167, 168, 171, 172, 173, 174, 175, 176, 177, 178, 181, 200, 236, 237, 238, 256, 257, 259, 260, 261, 267, 268, 270, 271, 276, 278, 281, 282, 284, 302, 303], "excluded_lines": []}}}, "main.py": {"executed_lines": [4, 5, 6, 7, 10, 11, 20, 21, 22, 23, 24, 25, 26, 27, 28, 29, 31, 32, 69, 77, 86, 87, 88, 89, 90, 91, 92, 93, 95, 96, 99, 100, 104, 105, 116, 117, 124], "summary": {"covered_lines": 37, "num_statements": 72, "percent_covered": 51.388888888888886, "percent_covered_display": "51", "missing_lines": 35, "excluded_lines": 0}, "missing_lines": [12, 13, 14, 15, 16, 17, 18, 19, 34, 37, 38, 40, 43, 44, 46, 49, 50, 51, 52, 54, 55, 56, 58, 59, 60, 62, 64, 67, 97, 101, 106, 107, 110, 118, 125], "excluded_lines": [], "functions": {"lifespan": {"executed_lines": [], "summary": {"covered_lines": 0, "num_statements": 20, "percent_covered": 0.0, "percent_covered_display": "0", "missing_lines": 20, "excluded_lines": 0}, "missing_lines": [34, 37, 38, 40, 43, 44, 46, 49, 50, 51, 52, 54, 55, 56, 58, 59, 60, 62, 64, 67], "excluded_lines": []}, "root": {"executed_lines": [], "summary": {"covered_lines": 0, "num_statements": 1, "percent_covered": 0.0, "percent_covered_display": "0", "missing_lines": 1, "excluded_lines": 0}, "missing_lines": [97], "excluded_lines": []}, "health_check": {"executed_lines": [], "summary": {"covered_lines": 0, "num_statements": 1, "percent_covered": 0.0, "percent_covered_display": "0", "missing_lines": 1, "excluded_lines": 0}, "missing_lines": [101], "excluded_lines": []}, "import_revolut_csv": {"executed_lines": [], "summary": {"covered_lines": 0, "num_statements": 3, "percent_covered": 0.0, "percent_covered_display": "0", "missing_lines": 3, "excluded_lines": 0}, "missing_lines": [106, 107, 110], "excluded_lines": []}, "get_portfolio": {"executed_lines": [], "summary": {"covered_lines": 0, "num_statements": 1, "percent_covered": 0.0, "percent_covered_display": "0", "missing_lines": 1, "excluded_lines": 0}, "missing_lines": [118], "excluded_lines": []}, "": {"executed_lines": [4, 5, 6, 7, 10, 11, 20, 21, 22, 23, 24, 25, 26, 27, 28, 29, 31, 32, 69, 77, 86, 87, 88, 89, 90, 91, 92, 93, 95, 96, 99, 100, 104, 105, 116, 117, 124], "summary": {"covered_lines": 37, "num_statements": 46, "percent_covered": 80.43478260869566, "percent_covered_display": "80", "missing_lines": 9, "excluded_lines": 0}, "missing_lines": [12, 13, 14, 15, 16, 17, 18, 19, 125], "excluded_lines": []}}, "classes": {"": {"executed_lines": [4, 5, 6, 7, 10, 11, 20, 21, 22, 23, 24, 25, 26, 27, 28, 29, 31, 32, 69, 77, 86, 87, 88, 89, 90, 91, 92, 93, 95, 96, 99, 100, 104, 105, 116, 117, 124], "summary": {"covered_lines": 37, "num_statements": 72, "percent_covered": 51.388888888888886, "percent_covered_display": "51", "missing_lines": 35, "excluded_lines": 0}, "missing_lines": [12, 13, 14, 15, 16, 17, 18, 19, 34, 37, 38, 40, 43, 44, 46, 49, 50, 51, 52, 54, 55, 56, 58, 59, 60, 62, 64, 67, 97, 101, 106, 107, 110, 118, 125], "excluded_lines": []}}}, "market_data_aggregator.py": {"executed_lines": [], "summary": {"covered_lines": 0, "num_statements": 124, "percent_covered": 0.0, "percent_covered_display": "0", "missing_lines": 124, "excluded_lines": 0}, "missing_lines": [4, 5, 6, 7, 8, 9, 12, 14, 15, 16, 17, 20, 31, 47, 48, 49, 50, 53, 61, 67, 68, 70, 80, 81, 83, 93, 94, 96, 99, 100, 103, 104, 105, 107, 109, 116, 118, 119, 120, 123, 124, 125, 130, 137, 139, 140, 141, 142, 144, 158, 159, 160, 161, 164, 166, 167, 168, 170, 171, 172, 173, 174, 175, 176, 178, 179, 180, 181, 183, 184, 185, 186, 189, 190, 191, 192, 193, 194, 195, 196, 197, 198, 201, 202, 204, 222, 223, 224, 225, 227, 229, 230, 231, 233, 234, 235, 236, 237, 238, 239, 241, 242, 243, 244, 245, 246, 248, 249, 250, 251, 252, 253, 255, 256, 257, 258, 261, 262, 264, 271, 283, 293, 295, 296], "excluded_lines": [], "functions": {"MarketDataAggregator.__init__": {"executed_lines": [], "summary": {"covered_lines": 0, "num_statements": 8, "percent_covered": 0.0, "percent_covered_display": "0", "missing_lines": 8, "excluded_lines": 0}, "missing_lines": [47, 48, 49, 50, 53, 61, 67, 68], "excluded_lines": []}, "MarketDataAggregator._is_european_etf": {"executed_lines": [], "summary": {"covered_lines"
[...]
s": [331, 338, 339, 341, 342], "excluded_lines": []}, "TransactionValidator._check_duplicates": {"executed_lines": [], "summary": {"covered_lines": 0, "num_statements": 14, "percent_covered": 0.0, "percent_covered_display": "0", "missing_lines": 14, "excluded_lines": 0}, "missing_lines": [362, 363, 365, 367, 368, 369, 371, 373, 384, 385, 387, 388, 390, 391], "excluded_lines": []}, "TransactionValidator.detect_duplicates": {"executed_lines": [], "summary": {"covered_lines": 0, "num_statements": 14, "percent_covered": 0.0, "percent_covered_display": "0", "missing_lines": 14, "excluded_lines": 0}, "missing_lines": [405, 407, 408, 410, 412, 413, 416, 418, 420, 427, 428, 429, 432, 434], "excluded_lines": []}, "": {"executed_lines": [4, 5, 6, 7, 8, 9, 10, 12, 15, 16, 17, 18, 19, 22, 23, 24, 25, 26, 27, 30, 31, 32, 33, 35, 45, 54, 63, 64, 76, 79, 173, 241, 281, 324, 348, 396], "summary": {"covered_lines": 32, "num_statements": 32, "percent_covered": 100.0, "percent_covered_display": "100", "missing_lines": 0, "excluded_lines": 0}, "missing_lines": [], "excluded_lines": []}}, "classes": {"ValidationLevel": {"executed_lines": [], "summary": {"covered_lines": 0, "num_statements": 0, "percent_covered": 100.0, "percent_covered_display": "100", "missing_lines": 0, "excluded_lines": 0}, "missing_lines": [], "excluded_lines": []}, "ValidationMessage": {"executed_lines": [], "summary": {"covered_lines": 0, "num_statements": 0, "percent_covered": 100.0, "percent_covered_display": "100", "missing_lines": 0, "excluded_lines": 0}, "missing_lines": [], "excluded_lines": []}, "ValidationResult": {"executed_lines": [], "summary": {"covered_lines": 0, "num_statements": 4, "percent_covered": 0.0, "percent_covered_display": "0", "missing_lines": 4, "excluded_lines": 0}, "missing_lines": [37, 38, 47, 56], "excluded_lines": []}, "TransactionValidator": {"executed_lines": [], "summary": {"covered_lines": 0, "num_statements": 125, "percent_covered": 0.0, "percent_covered_display": "0", "missing_lines": 125, "excluded_lines": 0}, "missing_lines": [77, 92, 95, 96, 98, 99, 101, 102, 105, 106, 107, 112, 113, 116, 117, 118, 119, 120, 121, 122, 130, 131, 133, 134, 135, 142, 143, 150, 151, 152, 153, 160, 163, 171, 179, 182, 183, 184, 186, 187, 188, 191, 192, 198, 199, 200, 201, 203, 204, 205, 206, 208, 209, 210, 211, 213, 214, 215, 216, 217, 218, 219, 222, 223, 224, 227, 233, 234, 239, 246, 249, 250, 251, 253, 254, 255, 258, 260, 266, 267, 273, 274, 279, 289, 290, 293, 295, 316, 317, 319, 320, 322, 331, 338, 339, 341, 342, 362, 363, 365, 367, 368, 369, 371, 373, 384, 385, 387, 388, 390, 391, 405, 407, 408, 410, 412, 413, 416, 418, 420, 427, 428, 429, 432, 434], "excluded_lines": []}, "": {"executed_lines": [4, 5, 6, 7, 8, 9, 10, 12, 15, 16, 17, 18, 19, 22, 23, 24, 25, 26, 27, 30, 31, 32, 33, 35, 45, 54, 63, 64, 76, 79, 173, 241, 281, 324, 348, 396], "summary": {"covered_lines": 32, "num_statements": 32, "percent_covered": 100.0, "percent_covered_display": "100", "missing_lines": 0, "excluded_lines": 0}, "missing_lines": [], "excluded_lines": []}}}, "twelve_data_service.py": {"executed_lines": [], "summary": {"covered_lines": 0, "num_statements": 120, "percent_covered": 0.0, "percent_covered_display": "0", "missing_lines": 120, "excluded_lines": 0}, "missing_lines": [4, 5, 6, 7, 8, 9, 10, 13, 14, 16, 17, 18, 19, 20, 21, 22, 23, 24, 25, 28, 31, 39, 40, 41, 42, 43, 44, 46, 54, 57, 58, 59, 62, 63, 64, 67, 69, 70, 71, 72, 74, 76, 77, 80, 81, 84, 87, 91, 96, 104, 105, 106, 109, 114, 127, 128, 129, 132, 134, 155, 156, 158, 161, 162, 163, 164, 165, 168, 171, 173, 175, 182, 183, 184, 187, 188, 190, 191, 194, 195, 196, 197, 198, 201, 202, 208, 210, 223, 226, 227, 228, 229, 232, 235, 238, 243, 244, 245, 248, 249, 251, 252, 255, 256, 257, 258, 260, 274, 275, 281, 283, 285, 298, 300, 301, 314, 316, 321, 323, 324], "excluded_lines": [], "functions": {"TwelveDataRateLimiter.__init__": {"executed_lines": [], "summary": {"covered_lines": 0, "num_statements": 6, "percent_covered": 0.0, "percent_covered_display": "0", "missing_lines": 6, "excluded_lines": 0}, "missing_lines": [39, 40, 41, 42, 43, 44], "excluded_lines": []}, "TwelveDataRateLimiter.acquire": {"executed_lines": [], "summary": {"covered_lines": 0, "num_statements": 17, "percent_covered": 0.0, "percent_covered_display": "0", "missing_lines": 17, "excluded_lines": 0}, "missing_lines": [54, 57, 58, 59, 62, 63, 64, 67, 69, 70, 71, 72, 74, 76, 77, 80, 81], "excluded_lines": []}, "TwelveDataService.__init__": {"executed_lines": [], "summary": {"covered_lines": 0, "num_statements": 4, "percent_covered": 0.0, "percent_covered_display": "0", "missing_lines": 4, "excluded_lines": 0}, "missing_lines": [104, 105, 106, 109], "excluded_lines": []}, "TwelveDataService._get_symbol_with_exchange": {"executed_lines": [], "summary": {"covered_lines": 0, "num_statements": 4, "percent_covered": 0.0, "percent_covered_display": "0", "missing_lines": 4, "excluded_lines": 0}, "missing_lines": [127, 128, 129, 132], "excluded_lines": []}, "TwelveDataService.get_historical_daily": {"executed_lines": [], "summary": {"covered_lines": 0, "num_statements": 27, "percent_covered": 0.0, "percent_covered_display": "0", "missing_lines": 27, "excluded_lines": 0}, "missing_lines": [155, 156, 158, 161, 162, 163, 164, 165, 168, 171, 173, 175, 182, 183, 184, 187, 188, 190, 191, 194, 195, 196, 197, 198, 201, 202, 208], "excluded_lines": []}, "TwelveDataService.get_quote": {"executed_lines": [], "summary": {"covered_lines": 0, "num_statements": 23, "percent_covered": 0.0, "percent_covered_display": "0", "missing_lines": 23, "excluded_lines": 0}, "missing_lines": [223, 226, 227, 228, 229, 232, 235, 238, 243, 244, 245, 248, 249, 251, 252, 255, 256, 257, 258, 260, 274, 275, 281], "excluded_lines": []}, "TwelveDataService._serialize_price_data": {"executed_lines": [], "summary": {"covered_lines": 0, "num_statements": 1, "percent_covered": 0.0, "percent_covered_display": "0", "missing_lines": 1, "excluded_lines": 0}, "missing_lines": [285], "excluded_lines": []}, "TwelveDataService._deserialize_price_data": {"executed_lines": [], "summary": {"covered_lines": 0, "num_statements": 2, "percent_covered": 0.0, "percent_covered_display": "0", "missing_lines": 2, "excluded_lines": 0}, "missing_lines": [300, 301], "excluded_lines": []}, "TwelveDataService._serialize_historical_data": {"executed_lines": [], "summary": {"covered_lines": 0, "num_statements": 1, "percent_covered": 0.0, "percent_covered_display": "0", "missing_lines": 1, "excluded_lines": 0}, "missing_lines": [316], "excluded_lines": []}, "TwelveDataService._deserialize_historical_data": {"executed_lines": [], "summary": {"covered_lines": 0, "num_statements": 2, "percent_covered": 0.0, "percent_covered_display": "0", "missing_lines": 2, "excluded_lines": 0}, "missing_lines": [323, 324], "excluded_lines": []}, "": {"executed_lines": [], "summary": {"covered_lines": 0, "num_statements": 33, "percent_covered": 0.0, "percent_covered_display": "0", "missing_lines": 33, "excluded_lines": 0}, "missing_lines": [4, 5, 6, 7, 8, 9, 10, 13, 14, 16, 17, 18, 19, 20, 21, 22, 23, 24, 25, 28, 31, 46, 84, 87, 91, 96, 114, 134, 210, 283, 298, 314, 321], "excluded_lines": []}}, "classes": {"TwelveDataPriceData": {"executed_lines": [], "summary": {"covered_lines": 0, "num_statements": 0, "percent_covered": 100.0, "percent_covered_display": "100", "missing_lines": 0, "excluded_lines": 0}, "missing_lines": [], "excluded_lines": []}, "TwelveDataRateLimiter": {"executed_lines": [], "summary": {"covered_lines": 0, "num_statements": 23, "percent_covered": 0.0, "percent_covered_display": "0", "missing_lines": 23, "excluded_lines": 0}, "missing_lines": [39, 40, 41, 42, 43, 44, 54, 57, 58, 59, 62, 63, 64, 67, 69, 70, 71, 72, 74, 76, 77, 80, 81], "excluded_lines": []}, "TwelveDataService": {"executed_lines": [], "summary": {"covered_lines": 0, "num_statements": 64, "percent_covered": 0.0, "percent_covered_display": "0", "missing_lines": 64, "excluded_lines": 0}, "missing_lines": [104, 105, 106, 109, 127, 128, 129, 132, 155, 156, 158, 161, 162, 163, 164, 165, 168, 171, 173, 175, 182, 183, 184, 187, 188, 190, 191, 194, 195, 196, 197, 198, 201, 202, 208, 223, 226, 227, 228, 229, 232, 235, 238, 243, 244, 245, 248, 249, 251, 252, 255, 256, 257, 258, 260, 274, 275, 281, 285, 300, 301, 316, 323, 324], "excluded_lines": []}, "": {"executed_lines": [], "summary": {"covered_lines": 0, "num_statements": 33, "percent_covered": 0.0, "percent_covered_display": "0", "missing_lines": 33, "excluded_lines": 0}, "missing_lines": [4, 5, 6, 7, 8, 9, 10, 13, 14, 16, 17, 18, 19, 20, 21, 22, 23, 24, 25, 28, 31, 46, 84, 87, 91, 96, 114, 134, 210, 283, 298, 314, 321], "excluded_lines": []}}}, "yahoo_finance_service.py": {"executed_lines": [4, 5, 6, 7, 8, 9, 10, 12, 16, 40, 46, 47, 48, 49, 50, 51, 52, 53, 54, 55, 56, 57, 58, 59, 60, 63, 64, 66, 78, 98, 99, 101, 112, 116, 146, 147, 149, 157, 181, 235, 262, 303, 352, 387, 436, 456, 480, 498, 529], "summary": {"covered_lines": 45, "num_statements": 257, "percent_covered": 17.509727626459146, "percent_covered_display": "18", "missing_lines": 212, "excluded_lines": 0}, "missing_lines": [74, 75, 76, 80, 83, 84, 87, 88, 89, 90, 92, 95, 109, 110, 114, 129, 131, 132, 133, 134, 135, 136, 137, 138, 139, 140, 143, 151, 152, 153, 154, 155, 171, 172, 175, 176, 179, 191, 192, 193, 194, 197, 198, 200, 202, 203, 205, 206, 207, 208, 209, 210, 213, 214, 215, 216, 217, 218, 219, 222, 223, 224, 226, 228, 229, 231, 232, 233, 249, 250, 253, 254, 255, 256, 260, 272, 275, 277, 278, 279, 280, 281, 283, 284, 285, 286, 287, 288, 289, 292, 293, 294, 295, 296, 297, 298, 299, 301, 314, 315, 317, 319, 320, 324, 326, 327, 328, 329, 330, 333, 334, 335, 337, 338, 340, 341, 344, 345, 346, 347, 348, 350, 366, 368, 370, 371, 376, 377, 379, 381, 382, 385, 398, 399, 400, 401, 404, 407, 408, 409, 410, 411, 412, 415, 416, 419, 421, 446, 447, 448, 449, 450, 451, 452, 454, 463, 466, 467, 474, 475, 477, 478, 492, 493, 496, 509, 511, 512, 513, 516, 519, 522, 523, 524, 525, 527, 553, 555, 557, 558, 560, 562, 566, 576, 577, 579, 581, 584, 586, 587, 588, 589, 592, 593, 594, 597, 600, 603, 604, 606, 607, 609, 610, 612, 613, 614, 615, 617, 619, 621, 622, 624], "excluded_lines": [], "functions": {"RateLimiter.__init__": {"executed_lines": [], "summary": {"covered_lines": 0, "num_statements": 3, "percent_covered": 0.0, "percent_covered_display": "0", "missing_lines": 3, "excluded_lines": 0}, "missing_lines": [74, 75, 76], "excluded_lines": []}, "RateLimiter.acquire": {"executed_lines": [], "summary": {"covered_lines": 0, "num_statements": 9, "percent_covered": 0.0, "percent_covered_display": "0", "missing_lines": 9, "excluded_lines": 0}, "missing_lines": [80, 83, 84, 87, 88, 89, 90, 92, 95], "excluded_lines": []}, "ExponentialBackoff.__init__": {"executed_lines": [], "summary": {"covered_lines": 0, "num_statements": 2, "percent_covered": 0.0, "percent_covered_display": "0", "missing_lines": 2, "excluded_lines": 0}, "missing_lines": [109, 110], "excluded_lines": []}, "ExponentialBackoff.calculate_delay": {"executed_lines": [], "summary": {"covered_lines": 0, "num_statements": 1, "percent_covered": 0.0, "percent_covered_display": "0", "missing_lines": 1, "excluded_lines": 0}, "missing_lines": [114], "excluded_lines": []}, "ExponentialBackoff.execute": {"executed_lines": [], "summary": {"covered_lines": 0, "num_statements": 12, "percent_covered": 0.0, "percent_covered_display": "0", "missing_lines": 12, "excluded_lines": 0}, "missing_lines": [129, 131, 132, 133, 134, 135, 136, 137, 138, 139, 140, 143], "excluded_lines": []}, "YahooFinanceService.__init__": {"executed_lines": [], "summary": {"covered_lines": 0, "num_statements": 5, "percent_covered": 0.0, "percent_covered_display": "0", "missing_lines": 5, "excluded_lines": 0}, "missing_lines": [151, 152, 153, 154, 155], "excluded_lines": []}, "YahooFinanceService._transform_ticker": {"executed_lines": [], "summary": {"covered_lines": 0, "num_statements": 5, "percent_covered": 0.0, "percent_covered_display": "0", "missing_lines": 5, "excluded_lines": 0}, "missing_lines": [171, 172, 175, 176, 179], "excluded_lines": []}, "YahooFinanceService.get_usd_to_eur_rate": {"executed_lines": [], "summary": {"covered_lines": 0, "num_statements": 13, "percent_covered": 0.0, "percent_covered_display": "0", "missing_lines": 13, "excluded_lines": 0}, "missing_lines": [191, 192, 193, 194, 197, 198, 200, 226, 228, 229, 231, 232, 233], "excluded_lines": []}, "YahooFinanceService.get_usd_to_eur_rate.fetch": {"executed_lines": [], "summary": {"covered_lines": 0, "num_statements": 18, "percent_covered": 0.0, "percent_covered_display": "0", "missing_lines": 18, "excluded_lines": 0}, "missing_lines": [202, 203, 205, 206, 207, 208, 209, 210, 213, 214, 215, 216, 217, 218, 219, 222, 223, 224], "excluded_lines": []}, "YahooFinanceService._needs_currency_conversion": {"executed_lines": [], "summary": {"covered_lines": 0, "num_statements": 7, "percent_covered": 0.0, "percent_covered_display": "0", "missing_lines": 7, "excluded_lines": 0}, "missing_lines": [249, 250, 253, 254, 255, 256, 260], "excluded_lines": []}, "YahooFinanceService.get_stock_prices": {"executed_lines": [], "summary": {"covered_lines": 0, "num_statements": 23, "percent_covered": 0.0, "percent_covered_display": "0", "missing_lines": 23, "excluded_lines": 0}, "missing_lines": [272, 275, 277, 278, 279, 280, 281, 283, 284, 285, 286, 287, 288, 289, 292, 293, 294, 295, 296, 297, 298, 299, 301], "excluded_lines": []}, "YahooFinanceService._batch_fetch_prices": {"executed_lines": [], "summary": {"covered_lines": 0, "num_statements": 21, "percent_covered": 0.0, "percent_covered_display": "0", "missing_lines": 21, "excluded_lines": 0}, "missing_lines": [314, 315, 317, 326, 327, 328, 329, 330, 333, 334, 335, 337, 338, 340, 341, 344, 345, 346, 347, 348, 350], "excluded_lines": []}, "YahooFinanceService._batch_fetch_prices.fetch": {"executed_lines": [], "summary": {"covered_lines": 0, "num_statements": 3, "percent_covered": 0.0, "percent_covered_display": "0", "missing_lines": 3, "excluded_lines": 0}, "missing_lines": [319, 320, 324], "excluded_lines": []}, "YahooFinanceService.get_quote": {"executed_lines": [], "summary": {"covered_lines": 0, "num_statements": 6, "percent_covered": 0.0, "percent_covered_display": "0", "missing_lines": 6, "excluded_lines": 0}, "missing_lines": [366, 368, 379, 381, 382, 385], "excluded_lines": []}, "YahooFinanceService.get_quote.fetch": {"executed_lines": [], "summary": {"covered_lines": 0, "num_statements": 4, "percent_covered": 0.0, "percent_covered_display": "0", "missing_lines": 4, "excluded_lines": 0}, "missing_lines": [370, 371, 376, 377], "excluded_lines": []}, "YahooFinanceService._parse_ticker_info": {"executed_lines": [], "summary": {"covered_lines": 0, "num_statements": 15, "percent_covered": 0.0, "percent_covered_display": "0", "missing_lines": 15, "excluded_lines": 0}, "missing_lines": [398, 399, 400, 401, 404, 407, 408, 409, 410, 411, 412, 415, 416, 419, 421], "excluded_lines": []}, "YahooFinanceService._normalize_market_state": {"executed_lines": [], "summary": {"covered_lines": 0, "num_statements": 8, "percent_covered": 0.0, "percent_covered_display": "0", "missing_lines": 8, "excluded_lines": 0}, "missing_lines": [446, 447, 448, 449, 450, 451, 452, 454], "excluded_lines": []}, "YahooFinanceService.is_market_open": {"executed_lines": [], "summary": {"covered_lines": 0, "num_statements": 7, "percent_covered": 0.0, "percent_covered_display": "0", "missing_lines": 7, "excluded_lines": 0}, "missing_lines": [463, 466, 467, 474, 475, 477, 478], "excluded_lines": []}, "YahooFinanceService.normalize_crypto_ticker": {"executed_lines": [], "summary": {"covered_lines": 0, "num_statements": 3, "percent_covered": 0.0, "percent_covered_display": "0", "missing_lines": 3, "excluded_lines": 0}, "missing_lines": [492, 493, 496], "excluded_lines": []}, "YahooFinanceService.get_crypto_prices": {"executed_lines": [], "summary": {"covered_lines": 0, "num_statements": 11, "percent_covered": 0.0, "percent_covered_display": "0", "missing_lines": 11, "excluded_lines": 0}, "missing_lines": [509, 511, 512, 513, 516, 519, 522, 523, 524, 525, 527], "excluded_lines": []}, "YahooFinanceService.get_historical_prices": {"executed_lines": [], "summary": {"covered_lines": 0, "num_statements": 9, "percent_covered": 0.0, "percent_covered_display": "0", "missing_lines": 9, "excluded_lines": 0}, "missing_lines": [553, 555, 557, 558, 560, 619, 621, 622, 624], "excluded_lines": []}, "YahooFinanceService.get_historical_prices.fetch": {"executed_lines": [], "summary": {"covered_lines": 0, "num_statements": 27, "percent_covered": 0.0, "percent_covered_display": "0", "missing_lines": 27, "excluded_lines": 0}, "missing_lines": [562, 566, 576, 577, 579, 581, 584, 586, 587, 588, 589, 592, 593, 594, 597, 600, 603, 604, 606, 607, 609, 610, 612, 613, 614, 615, 617], "excluded_lines": []}, "": {"executed_lines": [4, 5, 6, 7, 8, 9, 10, 12, 16, 40, 46, 47, 48, 49, 50, 51, 52, 53, 54, 55, 56, 57, 58, 59, 60, 63, 64, 66, 78, 98, 99, 101, 112, 116, 146, 147, 149, 157, 181, 235, 262, 303, 352, 387, 436, 456, 480, 498, 529], "summary": {"covered_lines": 45, "num_statements": 45, "percent_covered": 100.0, "percent_covered_display": "100", "missing_lines": 0, "excluded_lines": 0}, "missing_lines": [], "excluded_lines": []}}, "classes": {"PriceData": {"executed_lines": [], "summary": {"covered_lines": 0, "num_statements": 0, "percent_covered": 100.0, "percent_covered_display": "100", "missing_lines": 0, "excluded_lines": 0}, "missing_lines": [], "excluded_lines": []}, "RateLimiter": {"executed_lines": [], "summary": {"covered_lines": 0, "num_statements": 12, "percent_covered": 0.0, "percent_covered_display": "0", "missing_lines": 12, "excluded_lines": 0}, "missing_lines": [74, 75, 76, 80, 83, 84, 87, 88, 89, 90, 92, 95], "excluded_lines": []}, "ExponentialBackoff": {"executed_lines": [], "summary": {"covered_lines": 0, "num_statements": 15, "percent_covered": 0.0, "percent_covered_display": "0", "missing_lines": 15, "excluded_lines": 0}, "missing_lines": [109, 110, 114, 129, 131, 132, 133, 134, 135, 136, 137, 138, 139, 140, 143], "excluded_lines": []}, "YahooFinanceService": {"executed_lines": [], "summary": {"covered_lines": 0, "num_statements": 185, "percent_covered": 0.0, "percent_covered_display": "0", "missing_lines": 185, "excluded_lines": 0}, "missing_lines": [151, 152, 153, 154, 155, 171, 172, 175, 176, 179, 191, 192, 193, 194, 197, 198, 200, 202, 203, 205, 206, 207, 208, 209, 210, 213, 214, 215, 216, 217, 218, 219, 222, 223, 224, 226, 228, 229, 231, 232, 233, 249, 250, 253, 254, 255, 256, 260, 272, 275, 277, 278, 279, 280, 281, 283, 284, 285, 286, 287, 288, 289, 292, 293, 294, 295, 296, 297, 298, 299, 301, 314, 315, 317, 319, 320, 324, 326, 327, 328, 329, 330, 333, 334, 335, 337, 338, 340, 341, 344, 345, 346, 347, 348, 350, 366, 368, 370, 371, 376, 377, 379, 381, 382, 385, 398, 399, 400, 401, 404, 407, 408, 409, 410, 411, 412, 415, 416, 419, 421, 446, 447, 448, 449, 450, 451, 452, 454, 463, 466, 467, 474, 475, 477, 478, 492, 493, 496, 509, 511, 512, 513, 516, 519, 522, 523, 524, 525, 527, 553, 555, 557, 558, 560, 562, 566, 576, 577, 579, 581, 584, 586, 587, 588, 589, 592, 593, 594, 597, 600, 603, 604, 606, 607, 609, 610, 612, 613, 614, 615, 617, 619, 621, 622, 624], "excluded_lines": []}, "": {"executed_lines": [4, 5, 6, 7, 8, 9, 10, 12, 16, 40, 46, 47, 48, 49, 50, 51, 52, 53, 54, 55, 56, 57, 58, 59, 60, 63, 64, 66, 78, 98, 99, 101, 112, 116, 146, 147, 149, 157, 181, 235, 262, 303, 352, 387, 436, 456, 480, 498, 529], "summary": {"covered_lines": 45, "num_statements": 45, "percent_covered": 100.0, "percent_covered_display": "100", "missing_lines": 0, "excluded_lines": 0}, "missing_lines": [], "excluded_lines": []}}}}, "totals": {"covered_lines": 1867, "num_statements": 12900, "percent_covered": 14.472868217054264, "percent_covered_display": "14", "missing_lines": 11033, "excluded_lines": 0}}